[ 2016-08-20T09:10:15+08:00 ] 101.226.65.107 /index.php/Home/Index/help_kan.html?uid=14156&krid=202991&from=timeline&isappinstalled=0
INFO: [ app_init ] --START--
INFO: Run Behavior\BuildLiteBehavior [ RunTime:0.000022s ]
INFO: [ app_init ] --END-- [ RunTime:0.001539s ]
INFO: [ app_begin ] --START--
INFO: Run Behavior\ReadHtmlCacheBehavior [ RunTime:0.012358s ]
INFO: [ app_begin ] --END-- [ RunTime:0.012446s ]
NOTIC: [8192] mysql_connect(): The mysql extension is deprecated and will be removed in the future: use mysqli or PDO instead /alidata/www/xmzkjqx/ThinkPHP/Library/Think/Session/Driver/Db.class.php 第 95 行.

[ 2016-08-20T09:48:04+08:00 ] 218.29.129.30 /
INFO: [ app_init ] --START--
INFO: Run Behavior\BuildLiteBehavior [ RunTime:0.000022s ]
INFO: [ app_init ] --END-- [ RunTime:0.000346s ]
INFO: [ app_begin ] --START--
INFO: Run Behavior\ReadHtmlCacheBehavior [ RunTime:0.000438s ]
INFO: [ app_begin ] --END-- [ RunTime:0.000493s ]
NOTIC: [8192] mysql_connect(): The mysql extension is deprecated and will be removed in the future: use mysqli or PDO instead /alidata/www/xmzkjqx/ThinkPHP/Library/Think/Session/Driver/Db.class.php 第 95 行.

[ 2016-08-20T18:29:26+08:00 ] 183.186.228.132 /
INFO: [ app_init ] --START--
INFO: Run Behavior\BuildLiteBehavior [ RunTime:0.000014s ]
INFO: [ app_init ] --END-- [ RunTime:0.000283s ]
INFO: [ app_begin ] --START--
INFO: Run Behavior\ReadHtmlCacheBehavior [ RunTime:0.000366s ]
INFO: [ app_begin ] --END-- [ RunTime:0.000409s ]
NOTIC: [8192] mysql_connect(): The mysql extension is deprecated and will be removed in the future: use mysqli or PDO instead /alidata/www/xmzkjqx/ThinkPHP/Library/Think/Session/Driver/Db.class.php 第 95 行.

[ 2016-08-20T18:29:29+08:00 ] 183.186.228.132 /?code=031zuhvZ0o5UMM1b7KsZ0Q0hvZ0zuhve&state=0
INFO: [ app_init ] --START--
INFO: Run Behavior\BuildLiteBehavior [ RunTime:0.000014s ]
INFO: [ app_init ] --END-- [ RunTime:0.000290s ]
INFO: [ app_begin ] --START--
INFO: Run Behavior\ReadHtmlCacheBehavior [ RunTime:0.000353s ]
INFO: [ app_begin ] --END-- [ RunTime:0.000396s ]
NOTIC: [8192] mysql_connect(): The mysql extension is deprecated and will be removed in the future: use mysqli or PDO instead /alidata/www/xmzkjqx/ThinkPHP/Library/Think/Session/Driver/Db.class.php 第 95 行.
NOTIC: [8] Undefined index: errcode /alidata/www/xmzkjqx/Application/Common/Common/function.php 第 93 行.
SQL: SHOW COLUMNS FROM `pg_wx_user` [ RunTime:0.0013s ]
SQL: SELECT * FROM `pg_wx_user` WHERE ( openid='o4hL8wrHfTCn_BRkxHMXBMW-E6MI' ) LIMIT 1   [ RunTime:0.0003s ]
SQL: INSERT INTO `pg_wx_user` (`openid`,`nickname`,`headimgurl`,`sex`,`city`,`province`,`country`,`c_time`) VALUES ('o4hL8wrHfTCn_BRkxHMXBMW-E6MI','静如止水','http://wx.qlogo.cn/mmopen/Yy6xjmIryAOvLicauiaax3055aibY3yuAiaodf5I1XoVd6tia2pyLjChegHnic71mrPS7fhWGWXjoNRWU90GYTaYicyWVBd5xZOic5sg/0','2','','','中国','1471688969') [ RunTime:0.0003s ]
SQL: SHOW COLUMNS FROM `pg_user` [ RunTime:0.0008s ]
SQL: INSERT INTO `pg_user` (`name`,`uid`,`headimgurl`) VALUES ('静如止水','15430','http://wx.qlogo.cn/mmopen/Yy6xjmIryAOvLicauiaax3055aibY3yuAiaodf5I1XoVd6tia2pyLjChegHnic71mrPS7fhWGWXjoNRWU90GYTaYicyWVBd5xZOic5sg/0') [ RunTime:0.0002s ]
INFO: [ view_parse ] --START--
INFO: [ template_filter ] --START--
INFO: Run Behavior\ContentReplaceBehavior [ RunTime:0.000045s ]
INFO: [ template_filter ] --END-- [ RunTime:0.000118s ]
INFO: Run Behavior\ParseTemplateBehavior [ RunTime:0.032382s ]
INFO: [ view_parse ] --END-- [ RunTime:0.032443s ]
INFO: [ view_filter ] --START--
INFO: Run Behavior\WriteHtmlCacheBehavior [ RunTime:0.000141s ]
INFO: [ view_filter ] --END-- [ RunTime:0.000196s ]
INFO: [ app_end ] --START--
INFO: Run Behavior\ShowPageTraceBehavior [ RunTime:0.000392s ]
INFO: [ app_end ] --END-- [ RunTime:0.000432s ]

[ 2016-08-20T18:29:35+08:00 ] 183.186.228.132 /index.php/Home/Index/hd_list.html
INFO: [ app_init ] --START--
INFO: Run Behavior\BuildLiteBehavior [ RunTime:0.000013s ]
INFO: [ app_init ] --END-- [ RunTime:0.000283s ]
INFO: [ app_begin ] --START--
INFO: Run Behavior\ReadHtmlCacheBehavior [ RunTime:0.000357s ]
INFO: [ app_begin ] --END-- [ RunTime:0.000402s ]
NOTIC: [8192] mysql_connect(): The mysql extension is deprecated and will be removed in the future: use mysqli or PDO instead /alidata/www/xmzkjqx/ThinkPHP/Library/Think/Session/Driver/Db.class.php 第 95 行.
INFO: [ view_parse ] --START--
INFO: [ template_filter ] --START--
INFO: Run Behavior\ContentReplaceBehavior [ RunTime:0.000061s ]
INFO: [ template_filter ] --END-- [ RunTime:0.000132s ]
INFO: Run Behavior\ParseTemplateBehavior [ RunTime:0.020573s ]
INFO: [ view_parse ] --END-- [ RunTime:0.020617s ]
INFO: [ view_filter ] --START--
INFO: Run Behavior\WriteHtmlCacheBehavior [ RunTime:0.000146s ]
INFO: [ view_filter ] --END-- [ RunTime:0.000182s ]
INFO: [ app_end ] --START--
INFO: Run Behavior\ShowPageTraceBehavior [ RunTime:0.000398s ]
INFO: [ app_end ] --END-- [ RunTime:0.000440s ]

[ 2016-08-20T18:29:45+08:00 ] 183.186.228.132 /?code=031zuhvZ0o5UMM1b7KsZ0Q0hvZ0zuhve&state=0
INFO: [ app_init ] --START--
INFO: Run Behavior\BuildLiteBehavior [ RunTime:0.000018s ]
INFO: [ app_init ] --END-- [ RunTime:0.000311s ]
INFO: [ app_begin ] --START--
INFO: Run Behavior\ReadHtmlCacheBehavior [ RunTime:0.000347s ]
INFO: [ app_begin ] --END-- [ RunTime:0.000392s ]
NOTIC: [8192] mysql_connect(): The mysql extension is deprecated and will be removed in the future: use mysqli or PDO instead /alidata/www/xmzkjqx/ThinkPHP/Library/Think/Session/Driver/Db.class.php 第 95 行.
INFO: [ view_parse ] --START--
INFO: [ template_filter ] --START--
INFO: Run Behavior\ContentReplaceBehavior [ RunTime:0.000038s ]
INFO: [ template_filter ] --END-- [ RunTime:0.000099s ]
INFO: Run Behavior\ParseTemplateBehavior [ RunTime:0.004794s ]
INFO: [ view_parse ] --END-- [ RunTime:0.004843s ]
INFO: [ view_filter ] --START--
INFO: Run Behavior\WriteHtmlCacheBehavior [ RunTime:0.000166s ]
INFO: [ view_filter ] --END-- [ RunTime:0.000205s ]
INFO: [ app_end ] --START--
INFO: Run Behavior\ShowPageTraceBehavior [ RunTime:0.000431s ]
INFO: [ app_end ] --END-- [ RunTime:0.000492s ]

[ 2016-08-20T18:32:34+08:00 ] 101.226.33.208 /
INFO: [ app_init ] --START--
INFO: Run Behavior\BuildLiteBehavior [ RunTime:0.000014s ]
INFO: [ app_init ] --END-- [ RunTime:0.000283s ]
INFO: [ app_begin ] --START--
INFO: Run Behavior\ReadHtmlCacheBehavior [ RunTime:0.000330s ]
INFO: [ app_begin ] --END-- [ RunTime:0.000373s ]
NOTIC: [8192] mysql_connect(): The mysql extension is deprecated and will be removed in the future: use mysqli or PDO instead /alidata/www/xmzkjqx/ThinkPHP/Library/Think/Session/Driver/Db.class.php 第 95 行.

[ 2016-08-20T18:35:36+08:00 ] 27.47.117.195 /
INFO: [ app_init ] --START--
INFO: Run Behavior\BuildLiteBehavior [ RunTime:0.000023s ]
INFO: [ app_init ] --END-- [ RunTime:0.000382s ]
INFO: [ app_begin ] --START--
INFO: Run Behavior\ReadHtmlCacheBehavior [ RunTime:0.000367s ]
INFO: [ app_begin ] --END-- [ RunTime:0.000412s ]
NOTIC: [8192] mysql_connect(): The mysql extension is deprecated and will be removed in the future: use mysqli or PDO instead /alidata/www/xmzkjqx/ThinkPHP/Library/Think/Session/Driver/Db.class.php 第 95 行.

[ 2016-08-20T18:59:53+08:00 ] 1.68.1.91 /index.php/Home/Index/help_kan.html?uid=14111&krid=203072&from=timeline&isappinstalled=0
INFO: [ app_init ] --START--
INFO: Run Behavior\BuildLiteBehavior [ RunTime:0.000017s ]
INFO: [ app_init ] --END-- [ RunTime:0.000317s ]
INFO: [ app_begin ] --START--
INFO: Run Behavior\ReadHtmlCacheBehavior [ RunTime:0.000339s ]
INFO: [ app_begin ] --END-- [ RunTime:0.000381s ]
NOTIC: [8192] mysql_connect(): The mysql extension is deprecated and will be removed in the future: use mysqli or PDO instead /alidata/www/xmzkjqx/ThinkPHP/Library/Think/Session/Driver/Db.class.php 第 95 行.

[ 2016-08-20T18:59:56+08:00 ] 1.68.1.91 /index.php/Home/Index/help_kan.html?uid=14111&code=001XVY6i0diGfC1H7V7i0tLX6i0XVY6E&state=203072
INFO: [ app_init ] --START--
INFO: Run Behavior\BuildLiteBehavior [ RunTime:0.000017s ]
INFO: [ app_init ] --END-- [ RunTime:0.000301s ]
INFO: [ app_begin ] --START--
INFO: Run Behavior\ReadHtmlCacheBehavior [ RunTime:0.000366s ]
INFO: [ app_begin ] --END-- [ RunTime:0.000426s ]
NOTIC: [8192] mysql_connect(): The mysql extension is deprecated and will be removed in the future: use mysqli or PDO instead /alidata/www/xmzkjqx/ThinkPHP/Library/Think/Session/Driver/Db.class.php 第 95 行.
NOTIC: [8] Undefined index: errcode /alidata/www/xmzkjqx/Application/Common/Common/function.php 第 93 行.
SQL: SHOW COLUMNS FROM `pg_wx_user` [ RunTime:0.0011s ]
SQL: SELECT * FROM `pg_wx_user` WHERE ( openid='o4hL8wh-7trx0U9odoWGuHFOK5gs' ) LIMIT 1   [ RunTime:0.0003s ]
SQL: SHOW COLUMNS FROM `pg_user` [ RunTime:0.0007s ]
SQL: SELECT `id` FROM `pg_user` WHERE ( uid=14111 ) LIMIT 1   [ RunTime:0.0004s ]
SQL: SHOW COLUMNS FROM `pg_kanjia_record` [ RunTime:0.0008s ]
SQL: SELECT * FROM `pg_kanjia_record` WHERE ( id=203072 ) LIMIT 1   [ RunTime:0.0002s ]

[ 2016-08-20T18:59:56+08:00 ] 1.68.1.91 /index.php/Home/Index/hd_ny_result.html?id=1
INFO: [ app_init ] --START--
INFO: Run Behavior\BuildLiteBehavior [ RunTime:0.000015s ]
INFO: [ app_init ] --END-- [ RunTime:0.000300s ]
INFO: [ app_begin ] --START--
INFO: Run Behavior\ReadHtmlCacheBehavior [ RunTime:0.000335s ]
INFO: [ app_begin ] --END-- [ RunTime:0.000379s ]
NOTIC: [8192] mysql_connect(): The mysql extension is deprecated and will be removed in the future: use mysqli or PDO instead /alidata/www/xmzkjqx/ThinkPHP/Library/Think/Session/Driver/Db.class.php 第 95 行.
SQL: SHOW COLUMNS FROM `pg_kanjia` [ RunTime:0.0012s ]
SQL: SELECT pg_goods.*,pg_kanjia.status,pg_kanjia.max_peo,pg_kanjia.cost_price,pg_kanjia.max_peo,pg_kanjia.rand_a,pg_kanjia.rand_b,pg_kanjia.low_price FROM `pg_kanjia` INNER JOIN pg_goods on pg_goods.id=pg_kanjia.pid  WHERE ( pg_kanjia.id=1 ) LIMIT 1   [ RunTime:0.0004s ]
NOTIC: [8] Undefined index: goods_imgs_wap /alidata/www/xmzkjqx/Application/Home/Controller/IndexController.class.php 第 79 行.
SQL: SHOW COLUMNS FROM `pg_kanjia_record` [ RunTime:0.0007s ]
SQL: SELECT * FROM `pg_kanjia_record` WHERE ( uid=14111 and kid='1' ) LIMIT 1   [ RunTime:0.0003s ]
SQL: SHOW COLUMNS FROM `pg_kanjia_help_record` [ RunTime:0.0008s ]
SQL: SELECT `k_price` FROM `pg_kanjia_help_record` WHERE ( uid=14111 and krid=203072 ) LIMIT 1   [ RunTime:0.0003s ]
SQL: SELECT pg_wx_user.nickname,pg_wx_user.headimgurl,pg_kanjia_help_record.* FROM `pg_kanjia_help_record` INNER JOIN pg_wx_user on pg_kanjia_help_record.uid=pg_wx_user.uid  WHERE ( krid=203072 ) ORDER BY pg_kanjia_help_record.c_time desc LIMIT 100   [ RunTime:0.0008s ]
SQL: SELECT * FROM `pg_kanjia_record` WHERE ( id=203072 ) LIMIT 1   [ RunTime:0.0002s ]
SQL: SHOW COLUMNS FROM `pg_goods` [ RunTime:0.0007s ]
SQL: SELECT * FROM `pg_goods` WHERE ( id=1 ) LIMIT 1   [ RunTime:0.0002s ]
INFO: [ view_parse ] --START--
INFO: [ template_filter ] --START--
INFO: Run Behavior\ContentReplaceBehavior [ RunTime:0.000046s ]
INFO: [ template_filter ] --END-- [ RunTime:0.000106s ]
NOTIC: [8] Undefined variable: vo /alidata/www/xmzkjqx/Application/Runtime/Cache/Home/0fae4ef24545520beda50027985ad43a.php 第 8 行.
INFO: Run Behavior\ParseTemplateBehavior [ RunTime:0.016027s ]
INFO: [ view_parse ] --END-- [ RunTime:0.016073s ]
INFO: [ view_filter ] --START--
INFO: Run Behavior\WriteHtmlCacheBehavior [ RunTime:0.000130s ]
INFO: [ view_filter ] --END-- [ RunTime:0.000166s ]
INFO: [ app_end ] --START--
INFO: Run Behavior\ShowPageTraceBehavior [ RunTime:0.000384s ]
INFO: [ app_end ] --END-- [ RunTime:0.000425s ]

[ 2016-08-20T20:25:20+08:00 ] 60.222.158.27 /index.php/Home/Index/help_kan.html?uid=13186&krid=202921&from=timeline&isappinstalled=0
INFO: [ app_init ] --START--
INFO: Run Behavior\BuildLiteBehavior [ RunTime:0.000015s ]
INFO: [ app_init ] --END-- [ RunTime:0.000296s ]
INFO: [ app_begin ] --START--
INFO: Run Behavior\ReadHtmlCacheBehavior [ RunTime:0.000382s ]
INFO: [ app_begin ] --END-- [ RunTime:0.000432s ]
NOTIC: [8192] mysql_connect(): The mysql extension is deprecated and will be removed in the future: use mysqli or PDO instead /alidata/www/xmzkjqx/ThinkPHP/Library/Think/Session/Driver/Db.class.php 第 95 行.

[ 2016-08-20T20:28:20+08:00 ] 140.207.185.107 /index.php/Home/Index/help_kan.html?uid=13186
INFO: [ app_init ] --START--
INFO: Run Behavior\BuildLiteBehavior [ RunTime:0.000020s ]
INFO: [ app_init ] --END-- [ RunTime:0.000385s ]
INFO: [ app_begin ] --START--
INFO: Run Behavior\ReadHtmlCacheBehavior [ RunTime:0.000385s ]
INFO: [ app_begin ] --END-- [ RunTime:0.000430s ]
NOTIC: [8192] mysql_connect(): The mysql extension is deprecated and will be removed in the future: use mysqli or PDO instead /alidata/www/xmzkjqx/ThinkPHP/Library/Think/Session/Driver/Db.class.php 第 95 行.

[ 2016-08-20T20:28:26+08:00 ] 101.226.89.119 /index.php/Home/Index/help_kan.html?uid=13186&krid=202921&from=timeline&isappinstalled=0
INFO: [ app_init ] --START--
INFO: Run Behavior\BuildLiteBehavior [ RunTime:0.000017s ]
INFO: [ app_init ] --END-- [ RunTime:0.000324s ]
INFO: [ app_begin ] --START--
INFO: Run Behavior\ReadHtmlCacheBehavior [ RunTime:0.000358s ]
INFO: [ app_begin ] --END-- [ RunTime:0.000423s ]
NOTIC: [8192] mysql_connect(): The mysql extension is deprecated and will be removed in the future: use mysqli or PDO instead /alidata/www/xmzkjqx/ThinkPHP/Library/Think/Session/Driver/Db.class.php 第 95 行.

