[ 2016-08-05T23:55:50+08:00 ] 219.157.165.160 /index.php/Home/Index/help_qixing.html?rid=1
INFO: [ app_init ] --START--
INFO: Run Behavior\BuildLiteBehavior [ RunTime:0.000014s ]
INFO: [ app_init ] --END-- [ RunTime:0.000304s ]
INFO: [ app_begin ] --START--
INFO: Run Behavior\ReadHtmlCacheBehavior [ RunTime:0.000559s ]
INFO: [ app_begin ] --END-- [ RunTime:0.000635s ]
NOTIC: [8192] mysql_connect(): The mysql extension is deprecated and will be removed in the future: use mysqli or PDO instead /alidata/www/xmzkjqx/ThinkPHP/Library/Think/Session/Driver/Db.class.php 第 95 行.
SQL: SHOW COLUMNS FROM `pg_dk_record` [ RunTime:0.0009s ]
SQL: SELECT * FROM `pg_dk_record` WHERE ( id=1 ) LIMIT 1   [ RunTime:0.0002s ]
INFO: [ view_parse ] --START--
INFO: [ template_filter ] --START--
INFO: Run Behavior\ContentReplaceBehavior [ RunTime:0.000042s ]
INFO: [ template_filter ] --END-- [ RunTime:0.000106s ]
INFO: Run Behavior\ParseTemplateBehavior [ RunTime:0.004515s ]
INFO: [ view_parse ] --END-- [ RunTime:0.004561s ]
INFO: [ view_filter ] --START--
INFO: Run Behavior\WriteHtmlCacheBehavior [ RunTime:0.000128s ]
INFO: [ view_filter ] --END-- [ RunTime:0.000165s ]
INFO: [ app_end ] --START--
INFO: Run Behavior\ShowPageTraceBehavior [ RunTime:0.000390s ]
INFO: [ app_end ] --END-- [ RunTime:0.000437s ]

[ 2016-08-05T23:55:53+08:00 ] 219.157.165.160 /index.php/Home/Index/qixinghou.html
INFO: [ app_init ] --START--
INFO: Run Behavior\BuildLiteBehavior [ RunTime:0.000019s ]
INFO: [ app_init ] --END-- [ RunTime:0.000315s ]
INFO: [ app_begin ] --START--
INFO: Run Behavior\ReadHtmlCacheBehavior [ RunTime:0.000351s ]
INFO: [ app_begin ] --END-- [ RunTime:0.000395s ]
NOTIC: [8192] mysql_connect(): The mysql extension is deprecated and will be removed in the future: use mysqli or PDO instead /alidata/www/xmzkjqx/ThinkPHP/Library/Think/Session/Driver/Db.class.php 第 95 行.
SQL: SHOW COLUMNS FROM `pg_dk_record` [ RunTime:0.0010s ]
SQL: SELECT COUNT(*) AS tp_count FROM `pg_dk_record` WHERE ( status=2 ) LIMIT 1   [ RunTime:0.0002s ]
SQL: SELECT * FROM `pg_dk_record` WHERE ( uid=11474 ) LIMIT 1   [ RunTime:0.0002s ]
SQL: SHOW COLUMNS FROM `pg_dk_help_record` [ RunTime:0.0006s ]
SQL: SELECT COUNT(*) AS tp_count FROM `pg_dk_help_record` LIMIT 1   [ RunTime:0.0002s ]
INFO: [ view_parse ] --START--
INFO: [ template_filter ] --START--
INFO: Run Behavior\ContentReplaceBehavior [ RunTime:0.000052s ]
INFO: [ template_filter ] --END-- [ RunTime:0.000109s ]
NOTIC: [8] Undefined variable: signPackage /alidata/www/xmzkjqx/Application/Runtime/Cache/Home/0741d5efba8f50b42b97a5d1652377fc.php 第 11 行.
NOTIC: [8] Undefined variable: signPackage /alidata/www/xmzkjqx/Application/Runtime/Cache/Home/0741d5efba8f50b42b97a5d1652377fc.php 第 12 行.
NOTIC: [8] Undefined variable: signPackage /alidata/www/xmzkjqx/Application/Runtime/Cache/Home/0741d5efba8f50b42b97a5d1652377fc.php 第 13 行.
NOTIC: [8] Undefined variable: signPackage /alidata/www/xmzkjqx/Application/Runtime/Cache/Home/0741d5efba8f50b42b97a5d1652377fc.php 第 14 行.
INFO: Run Behavior\ParseTemplateBehavior [ RunTime:0.006173s ]
INFO: [ view_parse ] --END-- [ RunTime:0.006217s ]
INFO: [ view_filter ] --START--
INFO: Run Behavior\WriteHtmlCacheBehavior [ RunTime:0.000147s ]
INFO: [ view_filter ] --END-- [ RunTime:0.000186s ]
INFO: [ app_end ] --START--
INFO: Run Behavior\ShowPageTraceBehavior [ RunTime:0.000450s ]
INFO: [ app_end ] --END-- [ RunTime:0.000508s ]

