[ 2016-08-24T15:01:20+08:00 ] 218.29.129.30 //index.php/Pangu/View/index.html
INFO: [ app_init ] --START--
INFO: Run Behavior\BuildLiteBehavior [ RunTime:0.000040s ]
INFO: [ app_init ] --END-- [ RunTime:0.001932s ]
INFO: [ app_begin ] --START--
INFO: Run Behavior\ReadHtmlCacheBehavior [ RunTime:0.033811s ]
INFO: [ app_begin ] --END-- [ RunTime:0.033918s ]
NOTIC: [8192] mysql_connect(): The mysql extension is deprecated and will be removed in the future: use mysqli or PDO instead /alidata/www/xmzkjqx/ThinkPHP/Library/Think/Session/Driver/Db.class.php 第 95 行.
SQL: SELECT a.id,a.k_price,a.c_time,c.goods_name,b.nickname FROM pg_kanjia_record a,pg_wx_user b,pg_goods c WHERE a.uid = b.uid AND a.kid = c.id ORDER BY a.id [ RunTime:0.0046s ]
SQL: SELECT a.id,a.k_price,a.c_time,c.goods_name,b.nickname FROM pg_kanjia_help_record a,pg_wx_user b,pg_goods c,pg_kanjia_record d WHERE a.uid = b.uid AND d.kid = c.id AND d.id = a.krid [ RunTime:0.0139s ]
SQL: SELECT a.id,a.k_price,a.c_time,c.goods_name,b.nickname,c.price FROM pg_kanjia_record a,pg_wx_user b,pg_goods c WHERE a.uid = b.uid AND a.kid = c.id and a.is_prize = 2 ORDER BY a.id [ RunTime:0.0017s ]
INFO: [ view_parse ] --START--
INFO: [ template_filter ] --START--
INFO: Run Behavior\ContentReplaceBehavior [ RunTime:0.000041s ]
INFO: [ template_filter ] --END-- [ RunTime:0.000110s ]
INFO: Run Behavior\ParseTemplateBehavior [ RunTime:0.021434s ]
INFO: [ view_parse ] --END-- [ RunTime:0.021483s ]
INFO: [ view_filter ] --START--
INFO: Run Behavior\WriteHtmlCacheBehavior [ RunTime:0.002970s ]
INFO: [ view_filter ] --END-- [ RunTime:0.003010s ]
INFO: [ app_end ] --START--
INFO: Run Behavior\ShowPageTraceBehavior [ RunTime:0.001589s ]
INFO: [ app_end ] --END-- [ RunTime:0.001637s ]

[ 2016-08-24T15:02:01+08:00 ] 59.49.53.162 //index.php/Pangu/View/index.html
INFO: [ app_init ] --START--
INFO: Run Behavior\BuildLiteBehavior [ RunTime:0.000014s ]
INFO: [ app_init ] --END-- [ RunTime:0.000311s ]
INFO: [ app_begin ] --START--
INFO: Run Behavior\ReadHtmlCacheBehavior [ RunTime:0.000398s ]
INFO: [ app_begin ] --END-- [ RunTime:0.000444s ]
NOTIC: [8192] mysql_connect(): The mysql extension is deprecated and will be removed in the future: use mysqli or PDO instead /alidata/www/xmzkjqx/ThinkPHP/Library/Think/Session/Driver/Db.class.php 第 95 行.
SQL: SELECT a.id,a.k_price,a.c_time,c.goods_name,b.nickname FROM pg_kanjia_record a,pg_wx_user b,pg_goods c WHERE a.uid = b.uid AND a.kid = c.id ORDER BY a.id [ RunTime:0.0041s ]
SQL: SELECT a.id,a.k_price,a.c_time,c.goods_name,b.nickname FROM pg_kanjia_help_record a,pg_wx_user b,pg_goods c,pg_kanjia_record d WHERE a.uid = b.uid AND d.kid = c.id AND d.id = a.krid [ RunTime:0.0130s ]
SQL: SELECT a.id,a.k_price,a.c_time,c.goods_name,b.nickname,c.price FROM pg_kanjia_record a,pg_wx_user b,pg_goods c WHERE a.uid = b.uid AND a.kid = c.id and a.is_prize = 2 ORDER BY a.id [ RunTime:0.0019s ]
INFO: [ view_parse ] --START--
INFO: [ template_filter ] --START--
INFO: Run Behavior\ContentReplaceBehavior [ RunTime:0.000055s ]
INFO: [ template_filter ] --END-- [ RunTime:0.000130s ]
INFO: Run Behavior\ParseTemplateBehavior [ RunTime:0.006157s ]
INFO: [ view_parse ] --END-- [ RunTime:0.006221s ]
INFO: [ view_filter ] --START--
INFO: Run Behavior\WriteHtmlCacheBehavior [ RunTime:0.000196s ]
INFO: [ view_filter ] --END-- [ RunTime:0.000252s ]
INFO: [ app_end ] --START--
INFO: Run Behavior\ShowPageTraceBehavior [ RunTime:0.000639s ]
INFO: [ app_end ] --END-- [ RunTime:0.000714s ]

[ 2016-08-24T15:04:31+08:00 ] 180.163.2.117 //index.php/Pangu/View/index.html
INFO: [ app_init ] --START--
INFO: Run Behavior\BuildLiteBehavior [ RunTime:0.000016s ]
INFO: [ app_init ] --END-- [ RunTime:0.000319s ]
INFO: [ app_begin ] --START--
INFO: Run Behavior\ReadHtmlCacheBehavior [ RunTime:0.000354s ]
INFO: [ app_begin ] --END-- [ RunTime:0.000401s ]
NOTIC: [8192] mysql_connect(): The mysql extension is deprecated and will be removed in the future: use mysqli or PDO instead /alidata/www/xmzkjqx/ThinkPHP/Library/Think/Session/Driver/Db.class.php 第 95 行.
SQL: SELECT a.id,a.k_price,a.c_time,c.goods_name,b.nickname FROM pg_kanjia_record a,pg_wx_user b,pg_goods c WHERE a.uid = b.uid AND a.kid = c.id ORDER BY a.id [ RunTime:0.0041s ]
SQL: SELECT a.id,a.k_price,a.c_time,c.goods_name,b.nickname FROM pg_kanjia_help_record a,pg_wx_user b,pg_goods c,pg_kanjia_record d WHERE a.uid = b.uid AND d.kid = c.id AND d.id = a.krid [ RunTime:0.0131s ]
SQL: SELECT a.id,a.k_price,a.c_time,c.goods_name,b.nickname,c.price FROM pg_kanjia_record a,pg_wx_user b,pg_goods c WHERE a.uid = b.uid AND a.kid = c.id and a.is_prize = 2 ORDER BY a.id [ RunTime:0.0016s ]
INFO: [ view_parse ] --START--
INFO: [ template_filter ] --START--
INFO: Run Behavior\ContentReplaceBehavior [ RunTime:0.000042s ]
INFO: [ template_filter ] --END-- [ RunTime:0.000108s ]
INFO: Run Behavior\ParseTemplateBehavior [ RunTime:0.004895s ]
INFO: [ view_parse ] --END-- [ RunTime:0.004944s ]
INFO: [ view_filter ] --START--
INFO: Run Behavior\WriteHtmlCacheBehavior [ RunTime:0.000136s ]
INFO: [ view_filter ] --END-- [ RunTime:0.000174s ]
INFO: [ app_end ] --START--
INFO: Run Behavior\ShowPageTraceBehavior [ RunTime:0.000418s ]
INFO: [ app_end ] --END-- [ RunTime:0.000460s ]

