[ 2016-07-02T08:25:44+08:00 ] 222.137.113.44 /index.php/Pangu/index/index
INFO: [ app_init ] --START--
INFO: Run Behavior\BuildLiteBehavior [ RunTime:0.000017s ]
INFO: [ app_init ] --END-- [ RunTime:0.000312s ]
INFO: [ app_begin ] --START--
INFO: Run Behavior\ReadHtmlCacheBehavior [ RunTime:0.000473s ]
INFO: [ app_begin ] --END-- [ RunTime:0.000544s ]
NOTIC: [8192] mysql_connect(): The mysql extension is deprecated and will be removed in the future: use mysqli or PDO instead /alidata/www/wanke/ThinkPHP/Library/Think/Session/Driver/Db.class.php 第 95 行.
SQL: SHOW COLUMNS FROM `pg_location` [ RunTime:0.0011s ]
SQL: SELECT * FROM `pg_location`  [ RunTime:0.0002s ]
INFO: [ view_parse ] --START--
INFO: [ template_filter ] --START--
INFO: Run Behavior\ContentReplaceBehavior [ RunTime:0.000078s ]
INFO: [ template_filter ] --END-- [ RunTime:0.000176s ]
INFO: Run Behavior\ParseTemplateBehavior [ RunTime:0.024033s ]
INFO: [ view_parse ] --END-- [ RunTime:0.024106s ]
INFO: [ view_filter ] --START--
INFO: Run Behavior\WriteHtmlCacheBehavior [ RunTime:0.000226s ]
INFO: [ view_filter ] --END-- [ RunTime:0.000277s ]
INFO: [ app_end ] --START--
INFO: Run Behavior\ShowPageTraceBehavior [ RunTime:0.000503s ]
INFO: [ app_end ] --END-- [ RunTime:0.000560s ]

[ 2016-07-02T08:25:44+08:00 ] 222.137.113.44 /index.php/Pangu/Index/welcome.html
INFO: [ app_init ] --START--
INFO: Run Behavior\BuildLiteBehavior [ RunTime:0.000023s ]
INFO: [ app_init ] --END-- [ RunTime:0.000452s ]
INFO: [ app_begin ] --START--
INFO: Run Behavior\ReadHtmlCacheBehavior [ RunTime:0.000579s ]
INFO: [ app_begin ] --END-- [ RunTime:0.000648s ]
NOTIC: [8192] mysql_connect(): The mysql extension is deprecated and will be removed in the future: use mysqli or PDO instead /alidata/www/wanke/ThinkPHP/Library/Think/Session/Driver/Db.class.php 第 95 行.
NOTIC: [8] Undefined index: SystemRoot /alidata/www/wanke/Application/Pangu/Controller/IndexController.class.php 第 32 行.
INFO: [ view_parse ] --START--
INFO: [ template_filter ] --START--
INFO: Run Behavior\ContentReplaceBehavior [ RunTime:0.000048s ]
INFO: [ template_filter ] --END-- [ RunTime:0.000116s ]
INFO: Run Behavior\ParseTemplateBehavior [ RunTime:0.019101s ]
INFO: [ view_parse ] --END-- [ RunTime:0.019150s ]
INFO: [ view_filter ] --START--
INFO: Run Behavior\WriteHtmlCacheBehavior [ RunTime:0.000144s ]
INFO: [ view_filter ] --END-- [ RunTime:0.000180s ]
INFO: [ app_end ] --START--
INFO: Run Behavior\ShowPageTraceBehavior [ RunTime:0.000407s ]
INFO: [ app_end ] --END-- [ RunTime:0.000449s ]

[ 2016-07-02T08:25:45+08:00 ] 222.137.113.44 /index.php/Pangu/index/skin/default/skin.css
INFO: [ app_init ] --START--
INFO: Run Behavior\BuildLiteBehavior [ RunTime:0.000016s ]
INFO: [ app_init ] --END-- [ RunTime:0.000303s ]
INFO: [ app_begin ] --START--
INFO: Run Behavior\ReadHtmlCacheBehavior [ RunTime:0.000351s ]
INFO: [ app_begin ] --END-- [ RunTime:0.000413s ]
NOTIC: [8192] mysql_connect(): The mysql extension is deprecated and will be removed in the future: use mysqli or PDO instead /alidata/www/wanke/ThinkPHP/Library/Think/Session/Driver/Db.class.php 第 95 行.
ERR: 非法操作:skin

[ 2016-07-02T08:25:45+08:00 ] 222.137.113.44 /index.php/Pangu/Index/skin/default/skin.css
INFO: [ app_init ] --START--
INFO: Run Behavior\BuildLiteBehavior [ RunTime:0.000015s ]
INFO: [ app_init ] --END-- [ RunTime:0.000321s ]
INFO: [ app_begin ] --START--
INFO: Run Behavior\ReadHtmlCacheBehavior [ RunTime:0.000375s ]
INFO: [ app_begin ] --END-- [ RunTime:0.000420s ]
NOTIC: [8192] mysql_connect(): The mysql extension is deprecated and will be removed in the future: use mysqli or PDO instead /alidata/www/wanke/ThinkPHP/Library/Think/Session/Driver/Db.class.php 第 95 行.
ERR: 非法操作:skin

[ 2016-07-02T08:25:47+08:00 ] 222.137.113.44 /index.php/Pangu/Index/match.html
INFO: [ app_init ] --START--
INFO: Run Behavior\BuildLiteBehavior [ RunTime:0.000014s ]
INFO: [ app_init ] --END-- [ RunTime:0.000290s ]
INFO: [ app_begin ] --START--
INFO: Run Behavior\ReadHtmlCacheBehavior [ RunTime:0.000389s ]
INFO: [ app_begin ] --END-- [ RunTime:0.000433s ]
NOTIC: [8192] mysql_connect(): The mysql extension is deprecated and will be removed in the future: use mysqli or PDO instead /alidata/www/wanke/ThinkPHP/Library/Think/Session/Driver/Db.class.php 第 95 行.
SQL: SHOW COLUMNS FROM `pg_match` [ RunTime:0.0007s ]
SQL: SELECT * FROM `pg_match`  [ RunTime:0.0002s ]
INFO: [ view_parse ] --START--
INFO: [ template_filter ] --START--
INFO: Run Behavior\ContentReplaceBehavior [ RunTime:0.000057s ]
INFO: [ template_filter ] --END-- [ RunTime:0.000124s ]
NOTIC: [8] Undefined variable: type /alidata/www/wanke/Application/Runtime/Cache/Pangu/e021232edd5514a023652ea2230bf011.php 第 38 行.
NOTIC: [8] Undefined variable: type /alidata/www/wanke/Application/Runtime/Cache/Pangu/e021232edd5514a023652ea2230bf011.php 第 72 行.
NOTIC: [8] Undefined variable: type /alidata/www/wanke/Application/Runtime/Cache/Pangu/e021232edd5514a023652ea2230bf011.php 第 72 行.
NOTIC: [8] Undefined variable: page /alidata/www/wanke/Application/Runtime/Cache/Pangu/e021232edd5514a023652ea2230bf011.php 第 79 行.
INFO: Run Behavior\ParseTemplateBehavior [ RunTime:0.034622s ]
INFO: [ view_parse ] --END-- [ RunTime:0.034666s ]
INFO: [ view_filter ] --START--
INFO: Run Behavior\WriteHtmlCacheBehavior [ RunTime:0.000178s ]
INFO: [ view_filter ] --END-- [ RunTime:0.000215s ]
INFO: [ app_end ] --START--
INFO: Run Behavior\ShowPageTraceBehavior [ RunTime:0.000390s ]
INFO: [ app_end ] --END-- [ RunTime:0.000436s ]

[ 2016-07-02T08:25:47+08:00 ] 222.137.113.44 /index.php/Pangu/Index/skin/default/skin.css
INFO: [ app_init ] --START--
INFO: Run Behavior\BuildLiteBehavior [ RunTime:0.000017s ]
INFO: [ app_init ] --END-- [ RunTime:0.000335s ]
INFO: [ app_begin ] --START--
INFO: Run Behavior\ReadHtmlCacheBehavior [ RunTime:0.000369s ]
INFO: [ app_begin ] --END-- [ RunTime:0.000428s ]
NOTIC: [8192] mysql_connect(): The mysql extension is deprecated and will be removed in the future: use mysqli or PDO instead /alidata/www/wanke/ThinkPHP/Library/Think/Session/Driver/Db.class.php 第 95 行.
ERR: 非法操作:skin

[ 2016-07-02T08:25:51+08:00 ] 222.137.113.44 /index.php/Pangu/Index/edit.html?table=match&type=&id=2
INFO: [ app_init ] --START--
INFO: Run Behavior\BuildLiteBehavior [ RunTime:0.000019s ]
INFO: [ app_init ] --END-- [ RunTime:0.000325s ]
INFO: [ app_begin ] --START--
INFO: Run Behavior\ReadHtmlCacheBehavior [ RunTime:0.000401s ]
INFO: [ app_begin ] --END-- [ RunTime:0.000447s ]
NOTIC: [8192] mysql_connect(): The mysql extension is deprecated and will be removed in the future: use mysqli or PDO instead /alidata/www/wanke/ThinkPHP/Library/Think/Session/Driver/Db.class.php 第 95 行.
SQL: SHOW COLUMNS FROM `pg_match` [ RunTime:0.0007s ]
SQL: SELECT * FROM `pg_match` WHERE ( id=2 ) LIMIT 1   [ RunTime:0.0002s ]
INFO: [ view_parse ] --START--
INFO: [ template_filter ] --START--
INFO: Run Behavior\ContentReplaceBehavior [ RunTime:0.000074s ]
INFO: [ template_filter ] --END-- [ RunTime:0.000151s ]
NOTIC: [8] Undefined variable: type /alidata/www/wanke/Application/Runtime/Cache/Pangu/d6980042c41da62701d8155ca368af4f.php 第 27 行.
NOTIC: [8] Undefined variable: templets /alidata/www/wanke/Application/Runtime/Cache/Pangu/d6980042c41da62701d8155ca368af4f.php 第 128 行.
NOTIC: [8] Undefined variable: templets /alidata/www/wanke/Application/Runtime/Cache/Pangu/d6980042c41da62701d8155ca368af4f.php 第 155 行.
INFO: Run Behavior\ParseTemplateBehavior [ RunTime:0.027200s ]
INFO: [ view_parse ] --END-- [ RunTime:0.027297s ]
INFO: [ view_filter ] --START--
INFO: Run Behavior\WriteHtmlCacheBehavior [ RunTime:0.000144s ]
INFO: [ view_filter ] --END-- [ RunTime:0.000182s ]
INFO: [ app_end ] --START--
INFO: Run Behavior\ShowPageTraceBehavior [ RunTime:0.000410s ]
INFO: [ app_end ] --END-- [ RunTime:0.000456s ]

[ 2016-07-02T08:25:52+08:00 ] 222.137.113.44 /index.php/Pangu/Index/
INFO: [ app_init ] --START--
INFO: Run Behavior\BuildLiteBehavior [ RunTime:0.000016s ]
INFO: [ app_init ] --END-- [ RunTime:0.000307s ]
INFO: [ app_begin ] --START--
INFO: Run Behavior\ReadHtmlCacheBehavior [ RunTime:0.000365s ]
INFO: [ app_begin ] --END-- [ RunTime:0.000410s ]
NOTIC: [8192] mysql_connect(): The mysql extension is deprecated and will be removed in the future: use mysqli or PDO instead /alidata/www/wanke/ThinkPHP/Library/Think/Session/Driver/Db.class.php 第 95 行.
SQL: SHOW COLUMNS FROM `pg_location` [ RunTime:0.0008s ]
SQL: SELECT * FROM `pg_location`  [ RunTime:0.0002s ]
INFO: [ view_parse ] --START--
INFO: [ template_filter ] --START--
INFO: Run Behavior\ContentReplaceBehavior [ RunTime:0.000062s ]
INFO: [ template_filter ] --END-- [ RunTime:0.000129s ]
INFO: Run Behavior\ParseTemplateBehavior [ RunTime:0.007994s ]
INFO: [ view_parse ] --END-- [ RunTime:0.008056s ]
INFO: [ view_filter ] --START--
INFO: Run Behavior\WriteHtmlCacheBehavior [ RunTime:0.000157s ]
INFO: [ view_filter ] --END-- [ RunTime:0.000196s ]
INFO: [ app_end ] --START--
INFO: Run Behavior\ShowPageTraceBehavior [ RunTime:0.000451s ]
INFO: [ app_end ] --END-- [ RunTime:0.000493s ]

[ 2016-07-02T08:25:52+08:00 ] 222.137.113.44 /index.php/Pangu/Index/
INFO: [ app_init ] --START--
INFO: Run Behavior\BuildLiteBehavior [ RunTime:0.000016s ]
INFO: [ app_init ] --END-- [ RunTime:0.000338s ]
INFO: [ app_begin ] --START--
INFO: Run Behavior\ReadHtmlCacheBehavior [ RunTime:0.000438s ]
INFO: [ app_begin ] --END-- [ RunTime:0.000512s ]
NOTIC: [8192] mysql_connect(): The mysql extension is deprecated and will be removed in the future: use mysqli or PDO instead /alidata/www/wanke/ThinkPHP/Library/Think/Session/Driver/Db.class.php 第 95 行.
SQL: SHOW COLUMNS FROM `pg_location` [ RunTime:0.0008s ]
SQL: SELECT * FROM `pg_location`  [ RunTime:0.0002s ]
INFO: [ view_parse ] --START--
INFO: [ template_filter ] --START--
INFO: Run Behavior\ContentReplaceBehavior [ RunTime:0.000062s ]
INFO: [ template_filter ] --END-- [ RunTime:0.000123s ]
INFO: Run Behavior\ParseTemplateBehavior [ RunTime:0.007719s ]
INFO: [ view_parse ] --END-- [ RunTime:0.007765s ]
INFO: [ view_filter ] --START--
INFO: Run Behavior\WriteHtmlCacheBehavior [ RunTime:0.000153s ]
INFO: [ view_filter ] --END-- [ RunTime:0.000192s ]
INFO: [ app_end ] --START--
INFO: Run Behavior\ShowPageTraceBehavior [ RunTime:0.000438s ]
INFO: [ app_end ] --END-- [ RunTime:0.000481s ]

[ 2016-07-02T08:25:54+08:00 ] 222.137.113.44 /index.php/Pangu/Index/do_edit.html?table=match&id=2
INFO: [ app_init ] --START--
INFO: Run Behavior\BuildLiteBehavior [ RunTime:0.000019s ]
INFO: [ app_init ] --END-- [ RunTime:0.000335s ]
INFO: [ app_begin ] --START--
INFO: Run Behavior\ReadHtmlCacheBehavior [ RunTime:0.000371s ]
INFO: [ app_begin ] --END-- [ RunTime:0.000415s ]
NOTIC: [8192] mysql_connect(): The mysql extension is deprecated and will be removed in the future: use mysqli or PDO instead /alidata/www/wanke/ThinkPHP/Library/Think/Session/Driver/Db.class.php 第 95 行.
SQL: SHOW COLUMNS FROM `pg_match` [ RunTime:0.0008s ]
SQL: UPDATE `pg_match` SET `ca`='威尔士',`cb`='比利时',`c_time`='1467399600',`a_img`='/Uploads/images/2016070123342157768d7d08009.png',`b_img`='/Uploads/images/2016070122291757767e3d51233.png',`result`='1',`k_time`='1467419154',`status`='1' WHERE ( id=2 ) [ RunTime:0.0077s ]
INFO: [ app_end ] --START--
INFO: Run Behavior\ShowPageTraceBehavior [ RunTime:0.000567s ]
INFO: [ app_end ] --END-- [ RunTime:0.000616s ]

[ 2016-07-02T08:25:56+08:00 ] 222.137.113.44 /index.php/Pangu/Index/match.html
INFO: [ app_init ] --START--
INFO: Run Behavior\BuildLiteBehavior [ RunTime:0.000016s ]
INFO: [ app_init ] --END-- [ RunTime:0.000295s ]
INFO: [ app_begin ] --START--
INFO: Run Behavior\ReadHtmlCacheBehavior [ RunTime:0.000345s ]
INFO: [ app_begin ] --END-- [ RunTime:0.000389s ]
NOTIC: [8192] mysql_connect(): The mysql extension is deprecated and will be removed in the future: use mysqli or PDO instead /alidata/www/wanke/ThinkPHP/Library/Think/Session/Driver/Db.class.php 第 95 行.
SQL: SHOW COLUMNS FROM `pg_match` [ RunTime:0.0007s ]
SQL: SELECT * FROM `pg_match`  [ RunTime:0.0002s ]
INFO: [ view_parse ] --START--
INFO: [ template_filter ] --START--
INFO: Run Behavior\ContentReplaceBehavior [ RunTime:0.000055s ]
INFO: [ template_filter ] --END-- [ RunTime:0.000105s ]
NOTIC: [8] Undefined variable: type /alidata/www/wanke/Application/Runtime/Cache/Pangu/e021232edd5514a023652ea2230bf011.php 第 38 行.
NOTIC: [8] Undefined variable: type /alidata/www/wanke/Application/Runtime/Cache/Pangu/e021232edd5514a023652ea2230bf011.php 第 72 行.
NOTIC: [8] Undefined variable: type /alidata/www/wanke/Application/Runtime/Cache/Pangu/e021232edd5514a023652ea2230bf011.php 第 72 行.
NOTIC: [8] Undefined variable: page /alidata/www/wanke/Application/Runtime/Cache/Pangu/e021232edd5514a023652ea2230bf011.php 第 79 行.
INFO: Run Behavior\ParseTemplateBehavior [ RunTime:0.007281s ]
INFO: [ view_parse ] --END-- [ RunTime:0.007327s ]
INFO: [ view_filter ] --START--
INFO: Run Behavior\WriteHtmlCacheBehavior [ RunTime:0.000156s ]
INFO: [ view_filter ] --END-- [ RunTime:0.000220s ]
INFO: [ app_end ] --START--
INFO: Run Behavior\ShowPageTraceBehavior [ RunTime:0.000401s ]
INFO: [ app_end ] --END-- [ RunTime:0.000450s ]

[ 2016-07-02T08:25:56+08:00 ] 222.137.113.44 /index.php/Pangu/Index/skin/default/skin.css
INFO: [ app_init ] --START--
INFO: Run Behavior\BuildLiteBehavior [ RunTime:0.000017s ]
INFO: [ app_init ] --END-- [ RunTime:0.000323s ]
INFO: [ app_begin ] --START--
INFO: Run Behavior\ReadHtmlCacheBehavior [ RunTime:0.000363s ]
INFO: [ app_begin ] --END-- [ RunTime:0.000407s ]
NOTIC: [8192] mysql_connect(): The mysql extension is deprecated and will be removed in the future: use mysqli or PDO instead /alidata/www/wanke/ThinkPHP/Library/Think/Session/Driver/Db.class.php 第 95 行.
ERR: 非法操作:skin

[ 2016-07-02T08:34:45+08:00 ] 222.137.113.44 /index.php/Pangu/Index/edit.html?table=match&type=
INFO: [ app_init ] --START--
INFO: Run Behavior\BuildLiteBehavior [ RunTime:0.000016s ]
INFO: [ app_init ] --END-- [ RunTime:0.000316s ]
INFO: [ app_begin ] --START--
INFO: Run Behavior\ReadHtmlCacheBehavior [ RunTime:0.000372s ]
INFO: [ app_begin ] --END-- [ RunTime:0.000415s ]
NOTIC: [8192] mysql_connect(): The mysql extension is deprecated and will be removed in the future: use mysqli or PDO instead /alidata/www/wanke/ThinkPHP/Library/Think/Session/Driver/Db.class.php 第 95 行.
SQL: SHOW COLUMNS FROM `pg_match` [ RunTime:0.0008s ]
SQL: SELECT * FROM `pg_match` WHERE ( id=0 ) LIMIT 1   [ RunTime:0.0002s ]
INFO: [ view_parse ] --START--
INFO: [ template_filter ] --START--
INFO: Run Behavior\ContentReplaceBehavior [ RunTime:0.000079s ]
INFO: [ template_filter ] --END-- [ RunTime:0.000133s ]
NOTIC: [8] Undefined variable: type /alidata/www/wanke/Application/Runtime/Cache/Pangu/d6980042c41da62701d8155ca368af4f.php 第 27 行.
NOTIC: [8] Undefined variable: templets /alidata/www/wanke/Application/Runtime/Cache/Pangu/d6980042c41da62701d8155ca368af4f.php 第 128 行.
NOTIC: [8] Undefined variable: templets /alidata/www/wanke/Application/Runtime/Cache/Pangu/d6980042c41da62701d8155ca368af4f.php 第 155 行.
INFO: Run Behavior\ParseTemplateBehavior [ RunTime:0.006397s ]
INFO: [ view_parse ] --END-- [ RunTime:0.006445s ]
INFO: [ view_filter ] --START--
INFO: Run Behavior\WriteHtmlCacheBehavior [ RunTime:0.000166s ]
INFO: [ view_filter ] --END-- [ RunTime:0.000211s ]
INFO: [ app_end ] --START--
INFO: Run Behavior\ShowPageTraceBehavior [ RunTime:0.000397s ]
INFO: [ app_end ] --END-- [ RunTime:0.000452s ]

[ 2016-07-02T08:34:46+08:00 ] 222.137.113.44 /index.php/Pangu/Index/
INFO: [ app_init ] --START--
INFO: Run Behavior\BuildLiteBehavior [ RunTime:0.000021s ]
INFO: [ app_init ] --END-- [ RunTime:0.000341s ]
INFO: [ app_begin ] --START--
INFO: Run Behavior\ReadHtmlCacheBehavior [ RunTime:0.000419s ]
INFO: [ app_begin ] --END-- [ RunTime:0.000472s ]
NOTIC: [8192] mysql_connect(): The mysql extension is deprecated and will be removed in the future: use mysqli or PDO instead /alidata/www/wanke/ThinkPHP/Library/Think/Session/Driver/Db.class.php 第 95 行.
SQL: SHOW COLUMNS FROM `pg_location` [ RunTime:0.0007s ]
SQL: SELECT * FROM `pg_location`  [ RunTime:0.0002s ]
INFO: [ view_parse ] --START--
INFO: [ template_filter ] --START--
INFO: Run Behavior\ContentReplaceBehavior [ RunTime:0.000066s ]
INFO: [ template_filter ] --END-- [ RunTime:0.000137s ]
INFO: Run Behavior\ParseTemplateBehavior [ RunTime:0.007836s ]
INFO: [ view_parse ] --END-- [ RunTime:0.007883s ]
INFO: [ view_filter ] --START--
INFO: Run Behavior\WriteHtmlCacheBehavior [ RunTime:0.000159s ]
INFO: [ view_filter ] --END-- [ RunTime:0.000198s ]
INFO: [ app_end ] --START--
INFO: Run Behavior\ShowPageTraceBehavior [ RunTime:0.000392s ]
INFO: [ app_end ] --END-- [ RunTime:0.000432s ]

[ 2016-07-02T08:34:46+08:00 ] 222.137.113.44 /index.php/Pangu/Index/
INFO: [ app_init ] --START--
INFO: Run Behavior\BuildLiteBehavior [ RunTime:0.000026s ]
INFO: [ app_init ] --END-- [ RunTime:0.000458s ]
INFO: [ app_begin ] --START--
INFO: Run Behavior\ReadHtmlCacheBehavior [ RunTime:0.000364s ]
INFO: [ app_begin ] --END-- [ RunTime:0.000410s ]
NOTIC: [8192] mysql_connect(): The mysql extension is deprecated and will be removed in the future: use mysqli or PDO instead /alidata/www/wanke/ThinkPHP/Library/Think/Session/Driver/Db.class.php 第 95 行.
SQL: SHOW COLUMNS FROM `pg_location` [ RunTime:0.0007s ]
SQL: SELECT * FROM `pg_location`  [ RunTime:0.0002s ]
INFO: [ view_parse ] --START--
INFO: [ template_filter ] --START--
INFO: Run Behavior\ContentReplaceBehavior [ RunTime:0.000064s ]
INFO: [ template_filter ] --END-- [ RunTime:0.000131s ]
INFO: Run Behavior\ParseTemplateBehavior [ RunTime:0.008412s ]
INFO: [ view_parse ] --END-- [ RunTime:0.008459s ]
INFO: [ view_filter ] --START--
INFO: Run Behavior\WriteHtmlCacheBehavior [ RunTime:0.000157s ]
INFO: [ view_filter ] --END-- [ RunTime:0.000200s ]
INFO: [ app_end ] --START--
INFO: Run Behavior\ShowPageTraceBehavior [ RunTime:0.000389s ]
INFO: [ app_end ] --END-- [ RunTime:0.000429s ]

[ 2016-07-02T08:34:48+08:00 ] 180.153.214.192 /index.php/Pangu/Index/edit.html?table=match&type=
INFO: [ app_init ] --START--
INFO: Run Behavior\BuildLiteBehavior [ RunTime:0.000016s ]
INFO: [ app_init ] --END-- [ RunTime:0.000351s ]
INFO: [ app_begin ] --START--
INFO: Run Behavior\ReadHtmlCacheBehavior [ RunTime:0.000403s ]
INFO: [ app_begin ] --END-- [ RunTime:0.000455s ]
NOTIC: [8192] mysql_connect(): The mysql extension is deprecated and will be removed in the future: use mysqli or PDO instead /alidata/www/wanke/ThinkPHP/Library/Think/Session/Driver/Db.class.php 第 95 行.
SQL: SHOW COLUMNS FROM `pg_match` [ RunTime:0.0007s ]
SQL: SELECT * FROM `pg_match` WHERE ( id=0 ) LIMIT 1   [ RunTime:0.0002s ]
INFO: [ view_parse ] --START--
INFO: [ template_filter ] --START--
INFO: Run Behavior\ContentReplaceBehavior [ RunTime:0.000069s ]
INFO: [ template_filter ] --END-- [ RunTime:0.000122s ]
NOTIC: [8] Undefined variable: type /alidata/www/wanke/Application/Runtime/Cache/Pangu/d6980042c41da62701d8155ca368af4f.php 第 27 行.
NOTIC: [8] Undefined variable: templets /alidata/www/wanke/Application/Runtime/Cache/Pangu/d6980042c41da62701d8155ca368af4f.php 第 128 行.
NOTIC: [8] Undefined variable: templets /alidata/www/wanke/Application/Runtime/Cache/Pangu/d6980042c41da62701d8155ca368af4f.php 第 155 行.
INFO: Run Behavior\ParseTemplateBehavior [ RunTime:0.006413s ]
INFO: [ view_parse ] --END-- [ RunTime:0.006460s ]
INFO: [ view_filter ] --START--
INFO: Run Behavior\WriteHtmlCacheBehavior [ RunTime:0.000134s ]
INFO: [ view_filter ] --END-- [ RunTime:0.000169s ]
INFO: [ app_end ] --START--
INFO: Run Behavior\ShowPageTraceBehavior [ RunTime:0.000406s ]
INFO: [ app_end ] --END-- [ RunTime:0.000452s ]

[ 2016-07-02T08:34:53+08:00 ] 101.226.51.226 /index.php/Pangu/Index/edit.html?table=match&type=
INFO: [ app_init ] --START--
INFO: Run Behavior\BuildLiteBehavior [ RunTime:0.000023s ]
INFO: [ app_init ] --END-- [ RunTime:0.000449s ]
INFO: [ app_begin ] --START--
INFO: Run Behavior\ReadHtmlCacheBehavior [ RunTime:0.000554s ]
INFO: [ app_begin ] --END-- [ RunTime:0.000612s ]
NOTIC: [8192] mysql_connect(): The mysql extension is deprecated and will be removed in the future: use mysqli or PDO instead /alidata/www/wanke/ThinkPHP/Library/Think/Session/Driver/Db.class.php 第 95 行.
SQL: SHOW COLUMNS FROM `pg_match` [ RunTime:0.0008s ]
SQL: SELECT * FROM `pg_match` WHERE ( id=0 ) LIMIT 1   [ RunTime:0.0002s ]
INFO: [ view_parse ] --START--
INFO: [ template_filter ] --START--
INFO: Run Behavior\ContentReplaceBehavior [ RunTime:0.000059s ]
INFO: [ template_filter ] --END-- [ RunTime:0.000109s ]
NOTIC: [8] Undefined variable: type /alidata/www/wanke/Application/Runtime/Cache/Pangu/d6980042c41da62701d8155ca368af4f.php 第 27 行.
NOTIC: [8] Undefined variable: templets /alidata/www/wanke/Application/Runtime/Cache/Pangu/d6980042c41da62701d8155ca368af4f.php 第 128 行.
NOTIC: [8] Undefined variable: templets /alidata/www/wanke/Application/Runtime/Cache/Pangu/d6980042c41da62701d8155ca368af4f.php 第 155 行.
INFO: Run Behavior\ParseTemplateBehavior [ RunTime:0.006090s ]
INFO: [ view_parse ] --END-- [ RunTime:0.006132s ]
INFO: [ view_filter ] --START--
INFO: Run Behavior\WriteHtmlCacheBehavior [ RunTime:0.000207s ]
INFO: [ view_filter ] --END-- [ RunTime:0.000244s ]
INFO: [ app_end ] --START--
INFO: Run Behavior\ShowPageTraceBehavior [ RunTime:0.000374s ]
INFO: [ app_end ] --END-- [ RunTime:0.000415s ]

[ 2016-07-02T08:35:08+08:00 ] 222.137.113.44 /index.php/Pangu/Index/do_edit.html?table=match&id=
INFO: [ app_init ] --START--
INFO: Run Behavior\BuildLiteBehavior [ RunTime:0.000018s ]
INFO: [ app_init ] --END-- [ RunTime:0.000342s ]
INFO: [ app_begin ] --START--
INFO: Run Behavior\ReadHtmlCacheBehavior [ RunTime:0.000364s ]
INFO: [ app_begin ] --END-- [ RunTime:0.000408s ]
NOTIC: [8192] mysql_connect(): The mysql extension is deprecated and will be removed in the future: use mysqli or PDO instead /alidata/www/wanke/ThinkPHP/Library/Think/Session/Driver/Db.class.php 第 95 行.
SQL: SHOW COLUMNS FROM `pg_match` [ RunTime:0.0010s ]
SQL: INSERT INTO `pg_match` (`ca`,`cb`,`c_time`,`a_img`,`b_img`,`result`) VALUES ('德国','意大利','1467486000','http://wanke.cuohela.com/Uploads/source/none.jpg','http://wanke.cuohela.com/Uploads/source/none.jpg','0') [ RunTime:0.0091s ]
INFO: [ app_end ] --START--
INFO: Run Behavior\ShowPageTraceBehavior [ RunTime:0.000772s ]
INFO: [ app_end ] --END-- [ RunTime:0.000889s ]

[ 2016-07-02T08:35:09+08:00 ] 222.137.113.44 /index.php/Pangu/Index/match.html
INFO: [ app_init ] --START--
INFO: Run Behavior\BuildLiteBehavior [ RunTime:0.000018s ]
INFO: [ app_init ] --END-- [ RunTime:0.000313s ]
INFO: [ app_begin ] --START--
INFO: Run Behavior\ReadHtmlCacheBehavior [ RunTime:0.000354s ]
INFO: [ app_begin ] --END-- [ RunTime:0.000399s ]
NOTIC: [8192] mysql_connect(): The mysql extension is deprecated and will be removed in the future: use mysqli or PDO instead /alidata/www/wanke/ThinkPHP/Library/Think/Session/Driver/Db.class.php 第 95 行.
SQL: SHOW COLUMNS FROM `pg_match` [ RunTime:0.0008s ]
SQL: SELECT * FROM `pg_match`  [ RunTime:0.0002s ]
INFO: [ view_parse ] --START--
INFO: [ template_filter ] --START--
INFO: Run Behavior\ContentReplaceBehavior [ RunTime:0.000054s ]
INFO: [ template_filter ] --END-- [ RunTime:0.000105s ]
NOTIC: [8] Undefined variable: type /alidata/www/wanke/Application/Runtime/Cache/Pangu/e021232edd5514a023652ea2230bf011.php 第 38 行.
NOTIC: [8] Undefined variable: type /alidata/www/wanke/Application/Runtime/Cache/Pangu/e021232edd5514a023652ea2230bf011.php 第 72 行.
NOTIC: [8] Undefined variable: type /alidata/www/wanke/Application/Runtime/Cache/Pangu/e021232edd5514a023652ea2230bf011.php 第 72 行.
NOTIC: [8] Undefined variable: type /alidata/www/wanke/Application/Runtime/Cache/Pangu/e021232edd5514a023652ea2230bf011.php 第 72 行.
NOTIC: [8] Undefined variable: page /alidata/www/wanke/Application/Runtime/Cache/Pangu/e021232edd5514a023652ea2230bf011.php 第 79 行.
INFO: Run Behavior\ParseTemplateBehavior [ RunTime:0.007163s ]
INFO: [ view_parse ] --END-- [ RunTime:0.007206s ]
INFO: [ view_filter ] --START--
INFO: Run Behavior\WriteHtmlCacheBehavior [ RunTime:0.000141s ]
INFO: [ view_filter ] --END-- [ RunTime:0.000183s ]
INFO: [ app_end ] --START--
INFO: Run Behavior\ShowPageTraceBehavior [ RunTime:0.000414s ]
INFO: [ app_end ] --END-- [ RunTime:0.000467s ]

[ 2016-07-02T08:35:09+08:00 ] 222.137.113.44 /index.php/Pangu/Index/skin/default/skin.css
INFO: [ app_init ] --START--
INFO: Run Behavior\BuildLiteBehavior [ RunTime:0.000015s ]
INFO: [ app_init ] --END-- [ RunTime:0.000313s ]
INFO: [ app_begin ] --START--
INFO: Run Behavior\ReadHtmlCacheBehavior [ RunTime:0.000365s ]
INFO: [ app_begin ] --END-- [ RunTime:0.000409s ]
NOTIC: [8192] mysql_connect(): The mysql extension is deprecated and will be removed in the future: use mysqli or PDO instead /alidata/www/wanke/ThinkPHP/Library/Think/Session/Driver/Db.class.php 第 95 行.
ERR: 非法操作:skin

[ 2016-07-02T09:06:15+08:00 ] 61.163.77.90 /index.php/pangu/index/index
INFO: [ app_init ] --START--
INFO: Run Behavior\BuildLiteBehavior [ RunTime:0.000020s ]
INFO: [ app_init ] --END-- [ RunTime:0.000364s ]
INFO: [ app_begin ] --START--
INFO: Run Behavior\ReadHtmlCacheBehavior [ RunTime:0.000375s ]
INFO: [ app_begin ] --END-- [ RunTime:0.000426s ]
NOTIC: [8192] mysql_connect(): The mysql extension is deprecated and will be removed in the future: use mysqli or PDO instead /alidata/www/wanke/ThinkPHP/Library/Think/Session/Driver/Db.class.php 第 95 行.
SQL: SHOW COLUMNS FROM `pg_location` [ RunTime:0.0008s ]
SQL: SELECT * FROM `pg_location`  [ RunTime:0.0002s ]
INFO: [ view_parse ] --START--
INFO: [ template_filter ] --START--
INFO: Run Behavior\ContentReplaceBehavior [ RunTime:0.000068s ]
INFO: [ template_filter ] --END-- [ RunTime:0.000138s ]
INFO: Run Behavior\ParseTemplateBehavior [ RunTime:0.008679s ]
INFO: [ view_parse ] --END-- [ RunTime:0.008732s ]
INFO: [ view_filter ] --START--
INFO: Run Behavior\WriteHtmlCacheBehavior [ RunTime:0.000172s ]
INFO: [ view_filter ] --END-- [ RunTime:0.000209s ]
INFO: [ app_end ] --START--
INFO: Run Behavior\ShowPageTraceBehavior [ RunTime:0.000403s ]
INFO: [ app_end ] --END-- [ RunTime:0.000449s ]

[ 2016-07-02T09:06:15+08:00 ] 61.163.77.90 /index.php/Pangu/Index/welcome.html
INFO: [ app_init ] --START--
INFO: Run Behavior\BuildLiteBehavior [ RunTime:0.000033s ]
INFO: [ app_init ] --END-- [ RunTime:0.000389s ]
INFO: [ app_begin ] --START--
INFO: Run Behavior\ReadHtmlCacheBehavior [ RunTime:0.000382s ]
INFO: [ app_begin ] --END-- [ RunTime:0.000433s ]
NOTIC: [8192] mysql_connect(): The mysql extension is deprecated and will be removed in the future: use mysqli or PDO instead /alidata/www/wanke/ThinkPHP/Library/Think/Session/Driver/Db.class.php 第 95 行.
NOTIC: [8] Undefined index: SystemRoot /alidata/www/wanke/Application/Pangu/Controller/IndexController.class.php 第 32 行.
INFO: [ view_parse ] --START--
INFO: [ template_filter ] --START--
INFO: Run Behavior\ContentReplaceBehavior [ RunTime:0.000057s ]
INFO: [ template_filter ] --END-- [ RunTime:0.000151s ]
INFO: Run Behavior\ParseTemplateBehavior [ RunTime:0.006871s ]
INFO: [ view_parse ] --END-- [ RunTime:0.006930s ]
INFO: [ view_filter ] --START--
INFO: Run Behavior\WriteHtmlCacheBehavior [ RunTime:0.000141s ]
INFO: [ view_filter ] --END-- [ RunTime:0.000180s ]
INFO: [ app_end ] --START--
INFO: Run Behavior\ShowPageTraceBehavior [ RunTime:0.000456s ]
INFO: [ app_end ] --END-- [ RunTime:0.000504s ]

[ 2016-07-02T09:06:15+08:00 ] 61.163.77.90 /index.php/Pangu/Index/skin/default/skin.css
INFO: [ app_init ] --START--
INFO: Run Behavior\BuildLiteBehavior [ RunTime:0.000019s ]
INFO: [ app_init ] --END-- [ RunTime:0.000327s ]
INFO: [ app_begin ] --START--
INFO: Run Behavior\ReadHtmlCacheBehavior [ RunTime:0.000376s ]
INFO: [ app_begin ] --END-- [ RunTime:0.000419s ]
NOTIC: [8192] mysql_connect(): The mysql extension is deprecated and will be removed in the future: use mysqli or PDO instead /alidata/www/wanke/ThinkPHP/Library/Think/Session/Driver/Db.class.php 第 95 行.
ERR: 非法操作:skin

[ 2016-07-02T09:06:15+08:00 ] 61.163.77.90 /index.php/pangu/index/skin/default/skin.css
INFO: [ app_init ] --START--
INFO: Run Behavior\BuildLiteBehavior [ RunTime:0.000019s ]
INFO: [ app_init ] --END-- [ RunTime:0.000370s ]
INFO: [ app_begin ] --START--
INFO: Run Behavior\ReadHtmlCacheBehavior [ RunTime:0.000370s ]
INFO: [ app_begin ] --END-- [ RunTime:0.000414s ]
NOTIC: [8192] mysql_connect(): The mysql extension is deprecated and will be removed in the future: use mysqli or PDO instead /alidata/www/wanke/ThinkPHP/Library/Think/Session/Driver/Db.class.php 第 95 行.
ERR: 非法操作:skin

[ 2016-07-02T09:06:18+08:00 ] 61.163.77.90 /index.php/Pangu/Index/match.html
INFO: [ app_init ] --START--
INFO: Run Behavior\BuildLiteBehavior [ RunTime:0.000017s ]
INFO: [ app_init ] --END-- [ RunTime:0.000293s ]
INFO: [ app_begin ] --START--
INFO: Run Behavior\ReadHtmlCacheBehavior [ RunTime:0.000372s ]
INFO: [ app_begin ] --END-- [ RunTime:0.000420s ]
NOTIC: [8192] mysql_connect(): The mysql extension is deprecated and will be removed in the future: use mysqli or PDO instead /alidata/www/wanke/ThinkPHP/Library/Think/Session/Driver/Db.class.php 第 95 行.
SQL: SHOW COLUMNS FROM `pg_match` [ RunTime:0.0010s ]
SQL: SELECT * FROM `pg_match`  [ RunTime:0.0003s ]
INFO: [ view_parse ] --START--
INFO: [ template_filter ] --START--
INFO: Run Behavior\ContentReplaceBehavior [ RunTime:0.000058s ]
INFO: [ template_filter ] --END-- [ RunTime:0.000122s ]
NOTIC: [8] Undefined variable: type /alidata/www/wanke/Application/Runtime/Cache/Pangu/e021232edd5514a023652ea2230bf011.php 第 38 行.
NOTIC: [8] Undefined variable: type /alidata/www/wanke/Application/Runtime/Cache/Pangu/e021232edd5514a023652ea2230bf011.php 第 72 行.
NOTIC: [8] Undefined variable: type /alidata/www/wanke/Application/Runtime/Cache/Pangu/e021232edd5514a023652ea2230bf011.php 第 72 行.
NOTIC: [8] Undefined variable: type /alidata/www/wanke/Application/Runtime/Cache/Pangu/e021232edd5514a023652ea2230bf011.php 第 72 行.
NOTIC: [8] Undefined variable: page /alidata/www/wanke/Application/Runtime/Cache/Pangu/e021232edd5514a023652ea2230bf011.php 第 79 行.
INFO: Run Behavior\ParseTemplateBehavior [ RunTime:0.008928s ]
INFO: [ view_parse ] --END-- [ RunTime:0.008984s ]
INFO: [ view_filter ] --START--
INFO: Run Behavior\WriteHtmlCacheBehavior [ RunTime:0.000144s ]
INFO: [ view_filter ] --END-- [ RunTime:0.000180s ]
INFO: [ app_end ] --START--
INFO: Run Behavior\ShowPageTraceBehavior [ RunTime:0.000421s ]
INFO: [ app_end ] --END-- [ RunTime:0.000465s ]

[ 2016-07-02T09:06:18+08:00 ] 61.163.77.90 /index.php/Pangu/Index/match.html
INFO: [ app_init ] --START--
INFO: Run Behavior\BuildLiteBehavior [ RunTime:0.000021s ]
INFO: [ app_init ] --END-- [ RunTime:0.000506s ]
INFO: [ app_begin ] --START--
INFO: Run Behavior\ReadHtmlCacheBehavior [ RunTime:0.001014s ]
INFO: [ app_begin ] --END-- [ RunTime:0.001091s ]
NOTIC: [8192] mysql_connect(): The mysql extension is deprecated and will be removed in the future: use mysqli or PDO instead /alidata/www/wanke/ThinkPHP/Library/Think/Session/Driver/Db.class.php 第 95 行.
SQL: SHOW COLUMNS FROM `pg_match` [ RunTime:0.0007s ]
SQL: SELECT * FROM `pg_match`  [ RunTime:0.0002s ]
INFO: [ view_parse ] --START--
INFO: [ template_filter ] --START--
INFO: Run Behavior\ContentReplaceBehavior [ RunTime:0.000060s ]
INFO: [ template_filter ] --END-- [ RunTime:0.000131s ]
NOTIC: [8] Undefined variable: type /alidata/www/wanke/Application/Runtime/Cache/Pangu/e021232edd5514a023652ea2230bf011.php 第 38 行.
NOTIC: [8] Undefined variable: type /alidata/www/wanke/Application/Runtime/Cache/Pangu/e021232edd5514a023652ea2230bf011.php 第 72 行.
NOTIC: [8] Undefined variable: type /alidata/www/wanke/Application/Runtime/Cache/Pangu/e021232edd5514a023652ea2230bf011.php 第 72 行.
NOTIC: [8] Undefined variable: type /alidata/www/wanke/Application/Runtime/Cache/Pangu/e021232edd5514a023652ea2230bf011.php 第 72 行.
NOTIC: [8] Undefined variable: page /alidata/www/wanke/Application/Runtime/Cache/Pangu/e021232edd5514a023652ea2230bf011.php 第 79 行.
INFO: Run Behavior\ParseTemplateBehavior [ RunTime:0.008745s ]
INFO: [ view_parse ] --END-- [ RunTime:0.008795s ]
INFO: [ view_filter ] --START--
INFO: Run Behavior\WriteHtmlCacheBehavior [ RunTime:0.000139s ]
INFO: [ view_filter ] --END-- [ RunTime:0.000174s ]
INFO: [ app_end ] --START--
INFO: Run Behavior\ShowPageTraceBehavior [ RunTime:0.000424s ]
INFO: [ app_end ] --END-- [ RunTime:0.000469s ]

[ 2016-07-02T09:06:18+08:00 ] 61.163.77.90 /index.php/Pangu/Index/skin/default/skin.css
INFO: [ app_init ] --START--
INFO: Run Behavior\BuildLiteBehavior [ RunTime:0.000018s ]
INFO: [ app_init ] --END-- [ RunTime:0.000302s ]
INFO: [ app_begin ] --START--
INFO: Run Behavior\ReadHtmlCacheBehavior [ RunTime:0.000359s ]
INFO: [ app_begin ] --END-- [ RunTime:0.000403s ]
NOTIC: [8192] mysql_connect(): The mysql extension is deprecated and will be removed in the future: use mysqli or PDO instead /alidata/www/wanke/ThinkPHP/Library/Think/Session/Driver/Db.class.php 第 95 行.
ERR: 非法操作:skin

[ 2016-07-02T09:08:16+08:00 ] 61.163.77.90 /index.php/Pangu/Index/edit.html?table=match&type=&id=3
INFO: [ app_init ] --START--
INFO: Run Behavior\BuildLiteBehavior [ RunTime:0.000017s ]
INFO: [ app_init ] --END-- [ RunTime:0.000311s ]
INFO: [ app_begin ] --START--
INFO: Run Behavior\ReadHtmlCacheBehavior [ RunTime:0.000397s ]
INFO: [ app_begin ] --END-- [ RunTime:0.000444s ]
NOTIC: [8192] mysql_connect(): The mysql extension is deprecated and will be removed in the future: use mysqli or PDO instead /alidata/www/wanke/ThinkPHP/Library/Think/Session/Driver/Db.class.php 第 95 行.
SQL: SHOW COLUMNS FROM `pg_match` [ RunTime:0.0010s ]
SQL: SELECT * FROM `pg_match` WHERE ( id=3 ) LIMIT 1   [ RunTime:0.0003s ]
INFO: [ view_parse ] --START--
INFO: [ template_filter ] --START--
INFO: Run Behavior\ContentReplaceBehavior [ RunTime:0.000075s ]
INFO: [ template_filter ] --END-- [ RunTime:0.000124s ]
NOTIC: [8] Undefined variable: type /alidata/www/wanke/Application/Runtime/Cache/Pangu/d6980042c41da62701d8155ca368af4f.php 第 27 行.
NOTIC: [8] Undefined variable: templets /alidata/www/wanke/Application/Runtime/Cache/Pangu/d6980042c41da62701d8155ca368af4f.php 第 128 行.
NOTIC: [8] Undefined variable: templets /alidata/www/wanke/Application/Runtime/Cache/Pangu/d6980042c41da62701d8155ca368af4f.php 第 155 行.
INFO: Run Behavior\ParseTemplateBehavior [ RunTime:0.006726s ]
INFO: [ view_parse ] --END-- [ RunTime:0.006767s ]
INFO: [ view_filter ] --START--
INFO: Run Behavior\WriteHtmlCacheBehavior [ RunTime:0.000133s ]
INFO: [ view_filter ] --END-- [ RunTime:0.000171s ]
INFO: [ app_end ] --START--
INFO: Run Behavior\ShowPageTraceBehavior [ RunTime:0.000363s ]
INFO: [ app_end ] --END-- [ RunTime:0.000405s ]

[ 2016-07-02T09:08:17+08:00 ] 61.163.77.90 /index.php/Pangu/Index/
INFO: [ app_init ] --START--
INFO: Run Behavior\BuildLiteBehavior [ RunTime:0.000016s ]
INFO: [ app_init ] --END-- [ RunTime:0.000295s ]
INFO: [ app_begin ] --START--
INFO: Run Behavior\ReadHtmlCacheBehavior [ RunTime:0.000337s ]
INFO: [ app_begin ] --END-- [ RunTime:0.000381s ]
NOTIC: [8192] mysql_connect(): The mysql extension is deprecated and will be removed in the future: use mysqli or PDO instead /alidata/www/wanke/ThinkPHP/Library/Think/Session/Driver/Db.class.php 第 95 行.
SQL: SHOW COLUMNS FROM `pg_location` [ RunTime:0.0007s ]
SQL: SELECT * FROM `pg_location`  [ RunTime:0.0003s ]
INFO: [ view_parse ] --START--
INFO: [ template_filter ] --START--
INFO: Run Behavior\ContentReplaceBehavior [ RunTime:0.000062s ]
INFO: [ template_filter ] --END-- [ RunTime:0.000136s ]
INFO: Run Behavior\ParseTemplateBehavior [ RunTime:0.007917s ]
INFO: [ view_parse ] --END-- [ RunTime:0.007964s ]
INFO: [ view_filter ] --START--
INFO: Run Behavior\WriteHtmlCacheBehavior [ RunTime:0.000145s ]
INFO: [ view_filter ] --END-- [ RunTime:0.000184s ]
INFO: [ app_end ] --START--
INFO: Run Behavior\ShowPageTraceBehavior [ RunTime:0.000388s ]
INFO: [ app_end ] --END-- [ RunTime:0.000433s ]

[ 2016-07-02T09:08:17+08:00 ] 61.163.77.90 /index.php/Pangu/Index/
INFO: [ app_init ] --START--
INFO: Run Behavior\BuildLiteBehavior [ RunTime:0.000020s ]
INFO: [ app_init ] --END-- [ RunTime:0.000310s ]
INFO: [ app_begin ] --START--
INFO: Run Behavior\ReadHtmlCacheBehavior [ RunTime:0.000361s ]
INFO: [ app_begin ] --END-- [ RunTime:0.000409s ]
NOTIC: [8192] mysql_connect(): The mysql extension is deprecated and will be removed in the future: use mysqli or PDO instead /alidata/www/wanke/ThinkPHP/Library/Think/Session/Driver/Db.class.php 第 95 行.
SQL: SHOW COLUMNS FROM `pg_location` [ RunTime:0.0007s ]
SQL: SELECT * FROM `pg_location`  [ RunTime:0.0002s ]
INFO: [ view_parse ] --START--
INFO: [ template_filter ] --START--
INFO: Run Behavior\ContentReplaceBehavior [ RunTime:0.000063s ]
INFO: [ template_filter ] --END-- [ RunTime:0.000132s ]
INFO: Run Behavior\ParseTemplateBehavior [ RunTime:0.008328s ]
INFO: [ view_parse ] --END-- [ RunTime:0.008381s ]
INFO: [ view_filter ] --START--
INFO: Run Behavior\WriteHtmlCacheBehavior [ RunTime:0.000158s ]
INFO: [ view_filter ] --END-- [ RunTime:0.000244s ]
INFO: [ app_end ] --START--
INFO: Run Behavior\ShowPageTraceBehavior [ RunTime:0.000402s ]
INFO: [ app_end ] --END-- [ RunTime:0.000460s ]

[ 2016-07-02T09:08:44+08:00 ] 61.163.77.90 /index.php/Pangu/Index/do_edit.html?table=match&id=3
INFO: [ app_init ] --START--
INFO: Run Behavior\BuildLiteBehavior [ RunTime:0.000016s ]
INFO: [ app_init ] --END-- [ RunTime:0.000295s ]
INFO: [ app_begin ] --START--
INFO: Run Behavior\ReadHtmlCacheBehavior [ RunTime:0.000339s ]
INFO: [ app_begin ] --END-- [ RunTime:0.000381s ]
NOTIC: [8192] mysql_connect(): The mysql extension is deprecated and will be removed in the future: use mysqli or PDO instead /alidata/www/wanke/ThinkPHP/Library/Think/Session/Driver/Db.class.php 第 95 行.
SQL: SHOW COLUMNS FROM `pg_match` [ RunTime:0.0007s ]
SQL: UPDATE `pg_match` SET `ca`='德国',`cb`='意大利',`c_time`='1467486000',`a_img`='/Uploads/images/20160702090841577714193b5d3.png',`b_img`='/Uploads/images/201607020908435777141b5e6b1.png',`result`='0',`k_time`='1467421724',`status`='1' WHERE ( id=3 ) [ RunTime:0.0059s ]
INFO: [ app_end ] --START--
INFO: Run Behavior\ShowPageTraceBehavior [ RunTime:0.000536s ]
INFO: [ app_end ] --END-- [ RunTime:0.000599s ]

[ 2016-07-02T09:08:45+08:00 ] 61.163.77.90 /index.php/Pangu/Index/match.html
INFO: [ app_init ] --START--
INFO: Run Behavior\BuildLiteBehavior [ RunTime:0.000016s ]
INFO: [ app_init ] --END-- [ RunTime:0.000300s ]
INFO: [ app_begin ] --START--
INFO: Run Behavior\ReadHtmlCacheBehavior [ RunTime:0.000600s ]
INFO: [ app_begin ] --END-- [ RunTime:0.000695s ]
NOTIC: [8192] mysql_connect(): The mysql extension is deprecated and will be removed in the future: use mysqli or PDO instead /alidata/www/wanke/ThinkPHP/Library/Think/Session/Driver/Db.class.php 第 95 行.
SQL: SHOW COLUMNS FROM `pg_match` [ RunTime:0.0009s ]
SQL: SELECT * FROM `pg_match`  [ RunTime:0.0003s ]
INFO: [ view_parse ] --START--
INFO: [ template_filter ] --START--
INFO: Run Behavior\ContentReplaceBehavior [ RunTime:0.000054s ]
INFO: [ template_filter ] --END-- [ RunTime:0.000108s ]
NOTIC: [8] Undefined variable: type /alidata/www/wanke/Application/Runtime/Cache/Pangu/e021232edd5514a023652ea2230bf011.php 第 38 行.
NOTIC: [8] Undefined variable: type /alidata/www/wanke/Application/Runtime/Cache/Pangu/e021232edd5514a023652ea2230bf011.php 第 72 行.
NOTIC: [8] Undefined variable: type /alidata/www/wanke/Application/Runtime/Cache/Pangu/e021232edd5514a023652ea2230bf011.php 第 72 行.
NOTIC: [8] Undefined variable: type /alidata/www/wanke/Application/Runtime/Cache/Pangu/e021232edd5514a023652ea2230bf011.php 第 72 行.
NOTIC: [8] Undefined variable: page /alidata/www/wanke/Application/Runtime/Cache/Pangu/e021232edd5514a023652ea2230bf011.php 第 79 行.
INFO: Run Behavior\ParseTemplateBehavior [ RunTime:0.007539s ]
INFO: [ view_parse ] --END-- [ RunTime:0.007586s ]
INFO: [ view_filter ] --START--
INFO: Run Behavior\WriteHtmlCacheBehavior [ RunTime:0.000158s ]
INFO: [ view_filter ] --END-- [ RunTime:0.000197s ]
INFO: [ app_end ] --START--
INFO: Run Behavior\ShowPageTraceBehavior [ RunTime:0.000440s ]
INFO: [ app_end ] --END-- [ RunTime:0.000483s ]

[ 2016-07-02T09:08:45+08:00 ] 61.163.77.90 /index.php/Pangu/Index/skin/default/skin.css
INFO: [ app_init ] --START--
INFO: Run Behavior\BuildLiteBehavior [ RunTime:0.000020s ]
INFO: [ app_init ] --END-- [ RunTime:0.000346s ]
INFO: [ app_begin ] --START--
INFO: Run Behavior\ReadHtmlCacheBehavior [ RunTime:0.000372s ]
INFO: [ app_begin ] --END-- [ RunTime:0.000418s ]
NOTIC: [8192] mysql_connect(): The mysql extension is deprecated and will be removed in the future: use mysqli or PDO instead /alidata/www/wanke/ThinkPHP/Library/Think/Session/Driver/Db.class.php 第 95 行.
ERR: 非法操作:skin

