[ 2016-08-15T16:37:07+08:00 ] 59.49.53.162 /index.php/Pangu/Login/index.html
INFO: [ app_init ] --START--
INFO: Run Behavior\BuildLiteBehavior [ RunTime:0.000015s ]
INFO: [ app_init ] --END-- [ RunTime:0.000294s ]
INFO: [ app_begin ] --START--
INFO: Run Behavior\ReadHtmlCacheBehavior [ RunTime:0.000463s ]
INFO: [ app_begin ] --END-- [ RunTime:0.000537s ]
NOTIC: [8192] mysql_connect(): The mysql extension is deprecated and will be removed in the future: use mysqli or PDO instead /alidata/www/xmzkjqx/ThinkPHP/Library/Think/Session/Driver/Db.class.php 第 95 行.
INFO: [ view_parse ] --START--
INFO: [ template_filter ] --START--
INFO: Run Behavior\ContentReplaceBehavior [ RunTime:0.000040s ]
INFO: [ template_filter ] --END-- [ RunTime:0.000101s ]
INFO: Run Behavior\ParseTemplateBehavior [ RunTime:0.005609s ]
INFO: [ view_parse ] --END-- [ RunTime:0.005651s ]
INFO: [ view_filter ] --START--
INFO: Run Behavior\WriteHtmlCacheBehavior [ RunTime:0.000131s ]
INFO: [ view_filter ] --END-- [ RunTime:0.000166s ]
INFO: [ app_end ] --START--
INFO: Run Behavior\ShowPageTraceBehavior [ RunTime:0.000407s ]
INFO: [ app_end ] --END-- [ RunTime:0.000447s ]

[ 2016-08-15T16:37:17+08:00 ] 218.26.55.13 /index.php/Pangu/Login/index.html
INFO: [ app_init ] --START--
INFO: Run Behavior\BuildLiteBehavior [ RunTime:0.000016s ]
INFO: [ app_init ] --END-- [ RunTime:0.000296s ]
INFO: [ app_begin ] --START--
INFO: Run Behavior\ReadHtmlCacheBehavior [ RunTime:0.000349s ]
INFO: [ app_begin ] --END-- [ RunTime:0.000393s ]
NOTIC: [8192] mysql_connect(): The mysql extension is deprecated and will be removed in the future: use mysqli or PDO instead /alidata/www/xmzkjqx/ThinkPHP/Library/Think/Session/Driver/Db.class.php 第 95 行.
INFO: [ view_parse ] --START--
INFO: [ template_filter ] --START--
INFO: Run Behavior\ContentReplaceBehavior [ RunTime:0.000045s ]
INFO: [ template_filter ] --END-- [ RunTime:0.000102s ]
INFO: Run Behavior\ParseTemplateBehavior [ RunTime:0.004833s ]
INFO: [ view_parse ] --END-- [ RunTime:0.004893s ]
INFO: [ view_filter ] --START--
INFO: Run Behavior\WriteHtmlCacheBehavior [ RunTime:0.000165s ]
INFO: [ view_filter ] --END-- [ RunTime:0.000200s ]
INFO: [ app_end ] --START--
INFO: Run Behavior\ShowPageTraceBehavior [ RunTime:0.000386s ]
INFO: [ app_end ] --END-- [ RunTime:0.000427s ]

[ 2016-08-15T16:37:28+08:00 ] 218.26.55.13 /index.php/Pangu/Login/do_login.html
INFO: [ app_init ] --START--
INFO: Run Behavior\BuildLiteBehavior [ RunTime:0.000020s ]
INFO: [ app_init ] --END-- [ RunTime:0.000451s ]
INFO: [ app_begin ] --START--
INFO: Run Behavior\ReadHtmlCacheBehavior [ RunTime:0.000510s ]
INFO: [ app_begin ] --END-- [ RunTime:0.000572s ]
NOTIC: [8192] mysql_connect(): The mysql extension is deprecated and will be removed in the future: use mysqli or PDO instead /alidata/www/xmzkjqx/ThinkPHP/Library/Think/Session/Driver/Db.class.php 第 95 行.
SQL: SHOW COLUMNS FROM `pg_admin` [ RunTime:0.0012s ]
SQL: SELECT * FROM `pg_admin` WHERE ( uname='admin' ) LIMIT 1   [ RunTime:0.0002s ]

[ 2016-08-15T16:37:28+08:00 ] 218.26.55.13 /index.php/Pangu/Index/index.html
INFO: [ app_init ] --START--
INFO: Run Behavior\BuildLiteBehavior [ RunTime:0.000023s ]
INFO: [ app_init ] --END-- [ RunTime:0.000328s ]
INFO: [ app_begin ] --START--
INFO: Run Behavior\ReadHtmlCacheBehavior [ RunTime:0.000351s ]
INFO: [ app_begin ] --END-- [ RunTime:0.000394s ]
NOTIC: [8192] mysql_connect(): The mysql extension is deprecated and will be removed in the future: use mysqli or PDO instead /alidata/www/xmzkjqx/ThinkPHP/Library/Think/Session/Driver/Db.class.php 第 95 行.
INFO: [ view_parse ] --START--
INFO: [ template_filter ] --START--
INFO: Run Behavior\ContentReplaceBehavior [ RunTime:0.000075s ]
INFO: [ template_filter ] --END-- [ RunTime:0.000149s ]
INFO: Run Behavior\ParseTemplateBehavior [ RunTime:0.051087s ]
INFO: [ view_parse ] --END-- [ RunTime:0.051147s ]
INFO: [ view_filter ] --START--
INFO: Run Behavior\WriteHtmlCacheBehavior [ RunTime:0.000157s ]
INFO: [ view_filter ] --END-- [ RunTime:0.000192s ]
INFO: [ app_end ] --START--
INFO: Run Behavior\ShowPageTraceBehavior [ RunTime:0.000386s ]
INFO: [ app_end ] --END-- [ RunTime:0.000428s ]

[ 2016-08-15T16:37:29+08:00 ] 218.26.55.13 /index.php/Pangu/Index/welcome.html
INFO: [ app_init ] --START--
INFO: Run Behavior\BuildLiteBehavior [ RunTime:0.000016s ]
INFO: [ app_init ] --END-- [ RunTime:0.000348s ]
INFO: [ app_begin ] --START--
INFO: Run Behavior\ReadHtmlCacheBehavior [ RunTime:0.000396s ]
INFO: [ app_begin ] --END-- [ RunTime:0.000440s ]
NOTIC: [8192] mysql_connect(): The mysql extension is deprecated and will be removed in the future: use mysqli or PDO instead /alidata/www/xmzkjqx/ThinkPHP/Library/Think/Session/Driver/Db.class.php 第 95 行.
NOTIC: [8] Undefined index: SystemRoot /alidata/www/xmzkjqx/Application/Pangu/Controller/IndexController.class.php 第 30 行.
INFO: [ view_parse ] --START--
INFO: [ template_filter ] --START--
INFO: Run Behavior\ContentReplaceBehavior [ RunTime:0.000055s ]
INFO: [ template_filter ] --END-- [ RunTime:0.000127s ]
INFO: Run Behavior\ParseTemplateBehavior [ RunTime:0.022551s ]
INFO: [ view_parse ] --END-- [ RunTime:0.022610s ]
INFO: [ view_filter ] --START--
INFO: Run Behavior\WriteHtmlCacheBehavior [ RunTime:0.000150s ]
INFO: [ view_filter ] --END-- [ RunTime:0.000188s ]
INFO: [ app_end ] --START--
INFO: Run Behavior\ShowPageTraceBehavior [ RunTime:0.000430s ]
INFO: [ app_end ] --END-- [ RunTime:0.000476s ]

[ 2016-08-15T16:37:29+08:00 ] 218.26.55.13 /index.php/Pangu/Index/skin/default/skin.css
INFO: [ app_init ] --START--
INFO: Run Behavior\BuildLiteBehavior [ RunTime:0.000018s ]
INFO: [ app_init ] --END-- [ RunTime:0.000323s ]
INFO: [ app_begin ] --START--
INFO: Run Behavior\ReadHtmlCacheBehavior [ RunTime:0.000337s ]
INFO: [ app_begin ] --END-- [ RunTime:0.000380s ]
NOTIC: [8192] mysql_connect(): The mysql extension is deprecated and will be removed in the future: use mysqli or PDO instead /alidata/www/xmzkjqx/ThinkPHP/Library/Think/Session/Driver/Db.class.php 第 95 行.
ERR: 非法操作:skin

[ 2016-08-15T16:37:40+08:00 ] 218.26.55.13 /index.php/Pangu/Login/index.html
INFO: [ app_init ] --START--
INFO: Run Behavior\BuildLiteBehavior [ RunTime:0.000014s ]
INFO: [ app_init ] --END-- [ RunTime:0.000280s ]
INFO: [ app_begin ] --START--
INFO: Run Behavior\ReadHtmlCacheBehavior [ RunTime:0.000329s ]
INFO: [ app_begin ] --END-- [ RunTime:0.000375s ]
NOTIC: [8192] mysql_connect(): The mysql extension is deprecated and will be removed in the future: use mysqli or PDO instead /alidata/www/xmzkjqx/ThinkPHP/Library/Think/Session/Driver/Db.class.php 第 95 行.
INFO: [ view_parse ] --START--
INFO: [ template_filter ] --START--
INFO: Run Behavior\ContentReplaceBehavior [ RunTime:0.000033s ]
INFO: [ template_filter ] --END-- [ RunTime:0.000077s ]
INFO: Run Behavior\ParseTemplateBehavior [ RunTime:0.004310s ]
INFO: [ view_parse ] --END-- [ RunTime:0.004351s ]
INFO: [ view_filter ] --START--
INFO: Run Behavior\WriteHtmlCacheBehavior [ RunTime:0.000125s ]
INFO: [ view_filter ] --END-- [ RunTime:0.000159s ]
INFO: [ app_end ] --START--
INFO: Run Behavior\ShowPageTraceBehavior [ RunTime:0.000362s ]
INFO: [ app_end ] --END-- [ RunTime:0.000401s ]

[ 2016-08-15T16:38:52+08:00 ] 221.14.180.240 /index.php/Pangu/Login/index.html
INFO: [ app_init ] --START--
INFO: Run Behavior\BuildLiteBehavior [ RunTime:0.000014s ]
INFO: [ app_init ] --END-- [ RunTime:0.000349s ]
INFO: [ app_begin ] --START--
INFO: Run Behavior\ReadHtmlCacheBehavior [ RunTime:0.000332s ]
INFO: [ app_begin ] --END-- [ RunTime:0.000376s ]
NOTIC: [8192] mysql_connect(): The mysql extension is deprecated and will be removed in the future: use mysqli or PDO instead /alidata/www/xmzkjqx/ThinkPHP/Library/Think/Session/Driver/Db.class.php 第 95 行.
INFO: [ view_parse ] --START--
INFO: [ template_filter ] --START--
INFO: Run Behavior\ContentReplaceBehavior [ RunTime:0.000040s ]
INFO: [ template_filter ] --END-- [ RunTime:0.000099s ]
INFO: Run Behavior\ParseTemplateBehavior [ RunTime:0.004818s ]
INFO: [ view_parse ] --END-- [ RunTime:0.004938s ]
INFO: [ view_filter ] --START--
INFO: Run Behavior\WriteHtmlCacheBehavior [ RunTime:0.000134s ]
INFO: [ view_filter ] --END-- [ RunTime:0.000169s ]
INFO: [ app_end ] --START--
INFO: Run Behavior\ShowPageTraceBehavior [ RunTime:0.000369s ]
INFO: [ app_end ] --END-- [ RunTime:0.000408s ]

[ 2016-08-15T16:38:58+08:00 ] 221.14.180.240 /index.php/Pangu/Login/do_login.html
INFO: [ app_init ] --START--
INFO: Run Behavior\BuildLiteBehavior [ RunTime:0.000020s ]
INFO: [ app_init ] --END-- [ RunTime:0.000419s ]
INFO: [ app_begin ] --START--
INFO: Run Behavior\ReadHtmlCacheBehavior [ RunTime:0.000523s ]
INFO: [ app_begin ] --END-- [ RunTime:0.000587s ]
NOTIC: [8192] mysql_connect(): The mysql extension is deprecated and will be removed in the future: use mysqli or PDO instead /alidata/www/xmzkjqx/ThinkPHP/Library/Think/Session/Driver/Db.class.php 第 95 行.
SQL: SHOW COLUMNS FROM `pg_admin` [ RunTime:0.0010s ]
SQL: SELECT * FROM `pg_admin` WHERE ( uname='admin' ) LIMIT 1   [ RunTime:0.0002s ]

[ 2016-08-15T16:39:03+08:00 ] 221.14.180.240 /index.php/Pangu/Login/do_login.html
INFO: [ app_init ] --START--
INFO: Run Behavior\BuildLiteBehavior [ RunTime:0.000017s ]
INFO: [ app_init ] --END-- [ RunTime:0.000307s ]
INFO: [ app_begin ] --START--
INFO: Run Behavior\ReadHtmlCacheBehavior [ RunTime:0.000351s ]
INFO: [ app_begin ] --END-- [ RunTime:0.000398s ]
NOTIC: [8192] mysql_connect(): The mysql extension is deprecated and will be removed in the future: use mysqli or PDO instead /alidata/www/xmzkjqx/ThinkPHP/Library/Think/Session/Driver/Db.class.php 第 95 行.
SQL: SHOW COLUMNS FROM `pg_admin` [ RunTime:0.0011s ]
SQL: SELECT * FROM `pg_admin` WHERE ( uname='admin' ) LIMIT 1   [ RunTime:0.0002s ]

[ 2016-08-15T16:39:03+08:00 ] 221.14.180.240 /index.php/Pangu/Index/index.html
INFO: [ app_init ] --START--
INFO: Run Behavior\BuildLiteBehavior [ RunTime:0.000014s ]
INFO: [ app_init ] --END-- [ RunTime:0.000289s ]
INFO: [ app_begin ] --START--
INFO: Run Behavior\ReadHtmlCacheBehavior [ RunTime:0.000329s ]
INFO: [ app_begin ] --END-- [ RunTime:0.000375s ]
NOTIC: [8192] mysql_connect(): The mysql extension is deprecated and will be removed in the future: use mysqli or PDO instead /alidata/www/xmzkjqx/ThinkPHP/Library/Think/Session/Driver/Db.class.php 第 95 行.
INFO: [ view_parse ] --START--
INFO: [ template_filter ] --START--
INFO: Run Behavior\ContentReplaceBehavior [ RunTime:0.000051s ]
INFO: [ template_filter ] --END-- [ RunTime:0.000102s ]
INFO: Run Behavior\ParseTemplateBehavior [ RunTime:0.005949s ]
INFO: [ view_parse ] --END-- [ RunTime:0.005991s ]
INFO: [ view_filter ] --START--
INFO: Run Behavior\WriteHtmlCacheBehavior [ RunTime:0.000137s ]
INFO: [ view_filter ] --END-- [ RunTime:0.000173s ]
INFO: [ app_end ] --START--
INFO: Run Behavior\ShowPageTraceBehavior [ RunTime:0.000389s ]
INFO: [ app_end ] --END-- [ RunTime:0.000429s ]

[ 2016-08-15T16:39:03+08:00 ] 221.14.180.240 /index.php/Pangu/Index/welcome.html
INFO: [ app_init ] --START--
INFO: Run Behavior\BuildLiteBehavior [ RunTime:0.000014s ]
INFO: [ app_init ] --END-- [ RunTime:0.000286s ]
INFO: [ app_begin ] --START--
INFO: Run Behavior\ReadHtmlCacheBehavior [ RunTime:0.000331s ]
INFO: [ app_begin ] --END-- [ RunTime:0.000393s ]
NOTIC: [8192] mysql_connect(): The mysql extension is deprecated and will be removed in the future: use mysqli or PDO instead /alidata/www/xmzkjqx/ThinkPHP/Library/Think/Session/Driver/Db.class.php 第 95 行.
NOTIC: [8] Undefined index: SystemRoot /alidata/www/xmzkjqx/Application/Pangu/Controller/IndexController.class.php 第 30 行.
INFO: [ view_parse ] --START--
INFO: [ template_filter ] --START--
INFO: Run Behavior\ContentReplaceBehavior [ RunTime:0.000045s ]
INFO: [ template_filter ] --END-- [ RunTime:0.000098s ]
INFO: Run Behavior\ParseTemplateBehavior [ RunTime:0.006057s ]
INFO: [ view_parse ] --END-- [ RunTime:0.006115s ]
INFO: [ view_filter ] --START--
INFO: Run Behavior\WriteHtmlCacheBehavior [ RunTime:0.000131s ]
INFO: [ view_filter ] --END-- [ RunTime:0.000166s ]
INFO: [ app_end ] --START--
INFO: Run Behavior\ShowPageTraceBehavior [ RunTime:0.000370s ]
INFO: [ app_end ] --END-- [ RunTime:0.000417s ]

[ 2016-08-15T16:39:03+08:00 ] 221.14.180.240 /index.php/Pangu/Index/skin/default/skin.css
INFO: [ app_init ] --START--
INFO: Run Behavior\BuildLiteBehavior [ RunTime:0.000017s ]
INFO: [ app_init ] --END-- [ RunTime:0.000337s ]
INFO: [ app_begin ] --START--
INFO: Run Behavior\ReadHtmlCacheBehavior [ RunTime:0.000353s ]
INFO: [ app_begin ] --END-- [ RunTime:0.000405s ]
NOTIC: [8192] mysql_connect(): The mysql extension is deprecated and will be removed in the future: use mysqli or PDO instead /alidata/www/xmzkjqx/ThinkPHP/Library/Think/Session/Driver/Db.class.php 第 95 行.
ERR: 非法操作:skin

[ 2016-08-15T16:39:08+08:00 ] 221.14.180.240 /index.php/Pangu/Index/dk_result.html
INFO: [ app_init ] --START--
INFO: Run Behavior\BuildLiteBehavior [ RunTime:0.000015s ]
INFO: [ app_init ] --END-- [ RunTime:0.000283s ]
INFO: [ app_begin ] --START--
INFO: Run Behavior\ReadHtmlCacheBehavior [ RunTime:0.000331s ]
INFO: [ app_begin ] --END-- [ RunTime:0.000375s ]
NOTIC: [8192] mysql_connect(): The mysql extension is deprecated and will be removed in the future: use mysqli or PDO instead /alidata/www/xmzkjqx/ThinkPHP/Library/Think/Session/Driver/Db.class.php 第 95 行.
SQL: SELECT a.*,b.nickname FROM pg_dk_record a,pg_wx_user b where a.uid = b.uid [ RunTime:0.0009s ]
SQL: SELECT * FROM pg_dk_record  where status=2 and num = 10 [ RunTime:0.0002s ]
INFO: [ view_parse ] --START--
INFO: [ template_filter ] --START--
INFO: Run Behavior\ContentReplaceBehavior [ RunTime:0.000057s ]
INFO: [ template_filter ] --END-- [ RunTime:0.000122s ]
NOTIC: [8] Undefined variable: type /alidata/www/xmzkjqx/Application/Runtime/Cache/Pangu/fd11931e1600a991dcae796dedf2db11.php 第 38 行.
NOTIC: [8] Undefined variable: page /alidata/www/xmzkjqx/Application/Runtime/Cache/Pangu/fd11931e1600a991dcae796dedf2db11.php 第 65 行.
INFO: Run Behavior\ParseTemplateBehavior [ RunTime:0.022962s ]
INFO: [ view_parse ] --END-- [ RunTime:0.023007s ]
INFO: [ view_filter ] --START--
INFO: Run Behavior\WriteHtmlCacheBehavior [ RunTime:0.000135s ]
INFO: [ view_filter ] --END-- [ RunTime:0.000171s ]
INFO: [ app_end ] --START--
INFO: Run Behavior\ShowPageTraceBehavior [ RunTime:0.000396s ]
INFO: [ app_end ] --END-- [ RunTime:0.000440s ]

[ 2016-08-15T16:39:09+08:00 ] 221.14.180.240 /index.php/Pangu/Index/skin/default/skin.css
INFO: [ app_init ] --START--
INFO: Run Behavior\BuildLiteBehavior [ RunTime:0.000017s ]
INFO: [ app_init ] --END-- [ RunTime:0.000290s ]
INFO: [ app_begin ] --START--
INFO: Run Behavior\ReadHtmlCacheBehavior [ RunTime:0.000335s ]
INFO: [ app_begin ] --END-- [ RunTime:0.000379s ]
NOTIC: [8192] mysql_connect(): The mysql extension is deprecated and will be removed in the future: use mysqli or PDO instead /alidata/www/xmzkjqx/ThinkPHP/Library/Think/Session/Driver/Db.class.php 第 95 行.
ERR: 非法操作:skin

[ 2016-08-15T16:39:09+08:00 ] 221.14.180.240 /index.php/Pangu/Index/kj_result.html
INFO: [ app_init ] --START--
INFO: Run Behavior\BuildLiteBehavior [ RunTime:0.000015s ]
INFO: [ app_init ] --END-- [ RunTime:0.000306s ]
INFO: [ app_begin ] --START--
INFO: Run Behavior\ReadHtmlCacheBehavior [ RunTime:0.000343s ]
INFO: [ app_begin ] --END-- [ RunTime:0.000386s ]
NOTIC: [8192] mysql_connect(): The mysql extension is deprecated and will be removed in the future: use mysqli or PDO instead /alidata/www/xmzkjqx/ThinkPHP/Library/Think/Session/Driver/Db.class.php 第 95 行.
SQL: SELECT a.*,b.nickname FROM pg_kanjia_record a,pg_wx_user b WHERE a.uid = b.uid  [ RunTime:0.0022s ]
INFO: [ view_parse ] --START--
INFO: [ template_filter ] --START--
INFO: Run Behavior\ContentReplaceBehavior [ RunTime:0.000054s ]
INFO: [ template_filter ] --END-- [ RunTime:0.000119s ]
NOTIC: [8] Undefined variable: type /alidata/www/xmzkjqx/Application/Runtime/Cache/Pangu/dad8132e1c6a142f7d618e1b8ecc74cf.php 第 38 行.
NOTIC: [8] Undefined variable: page /alidata/www/xmzkjqx/Application/Runtime/Cache/Pangu/dad8132e1c6a142f7d618e1b8ecc74cf.php 第 71 行.
INFO: Run Behavior\ParseTemplateBehavior [ RunTime:0.022012s ]
INFO: [ view_parse ] --END-- [ RunTime:0.022068s ]
INFO: [ view_filter ] --START--
INFO: Run Behavior\WriteHtmlCacheBehavior [ RunTime:0.000169s ]
INFO: [ view_filter ] --END-- [ RunTime:0.000210s ]
INFO: [ app_end ] --START--
INFO: Run Behavior\ShowPageTraceBehavior [ RunTime:0.000691s ]
INFO: [ app_end ] --END-- [ RunTime:0.000800s ]

[ 2016-08-15T16:39:10+08:00 ] 221.14.180.240 /index.php/Pangu/Index/skin/default/skin.css
INFO: [ app_init ] --START--
INFO: Run Behavior\BuildLiteBehavior [ RunTime:0.000019s ]
INFO: [ app_init ] --END-- [ RunTime:0.000307s ]
INFO: [ app_begin ] --START--
INFO: Run Behavior\ReadHtmlCacheBehavior [ RunTime:0.000710s ]
INFO: [ app_begin ] --END-- [ RunTime:0.000787s ]
NOTIC: [8192] mysql_connect(): The mysql extension is deprecated and will be removed in the future: use mysqli or PDO instead /alidata/www/xmzkjqx/ThinkPHP/Library/Think/Session/Driver/Db.class.php 第 95 行.
ERR: 非法操作:skin

[ 2016-08-15T16:42:54+08:00 ] 59.49.53.162 /index.php/Pangu/Login/index.html
INFO: [ app_init ] --START--
INFO: Run Behavior\BuildLiteBehavior [ RunTime:0.000033s ]
INFO: [ app_init ] --END-- [ RunTime:0.000338s ]
INFO: [ app_begin ] --START--
INFO: Run Behavior\ReadHtmlCacheBehavior [ RunTime:0.000331s ]
INFO: [ app_begin ] --END-- [ RunTime:0.000374s ]
NOTIC: [8192] mysql_connect(): The mysql extension is deprecated and will be removed in the future: use mysqli or PDO instead /alidata/www/xmzkjqx/ThinkPHP/Library/Think/Session/Driver/Db.class.php 第 95 行.
INFO: [ view_parse ] --START--
INFO: [ template_filter ] --START--
INFO: Run Behavior\ContentReplaceBehavior [ RunTime:0.000037s ]
INFO: [ template_filter ] --END-- [ RunTime:0.000081s ]
INFO: Run Behavior\ParseTemplateBehavior [ RunTime:0.004413s ]
INFO: [ view_parse ] --END-- [ RunTime:0.004454s ]
INFO: [ view_filter ] --START--
INFO: Run Behavior\WriteHtmlCacheBehavior [ RunTime:0.000127s ]
INFO: [ view_filter ] --END-- [ RunTime:0.000162s ]
INFO: [ app_end ] --START--
INFO: Run Behavior\ShowPageTraceBehavior [ RunTime:0.000363s ]
INFO: [ app_end ] --END-- [ RunTime:0.000417s ]

[ 2016-08-15T16:43:08+08:00 ] 59.49.53.162 /index.php/Pangu/Login/do_login.html
INFO: [ app_init ] --START--
INFO: Run Behavior\BuildLiteBehavior [ RunTime:0.000011s ]
INFO: [ app_init ] --END-- [ RunTime:0.000307s ]
INFO: [ app_begin ] --START--
INFO: Run Behavior\ReadHtmlCacheBehavior [ RunTime:0.000351s ]
INFO: [ app_begin ] --END-- [ RunTime:0.000418s ]
NOTIC: [8192] mysql_connect(): The mysql extension is deprecated and will be removed in the future: use mysqli or PDO instead /alidata/www/xmzkjqx/ThinkPHP/Library/Think/Session/Driver/Db.class.php 第 95 行.
SQL: SHOW COLUMNS FROM `pg_admin` [ RunTime:0.0008s ]
SQL: SELECT * FROM `pg_admin` WHERE ( uname='admin' ) LIMIT 1   [ RunTime:0.0002s ]

[ 2016-08-15T16:43:08+08:00 ] 59.49.53.162 /index.php/Pangu/Index/index.html
INFO: [ app_init ] --START--
INFO: Run Behavior\BuildLiteBehavior [ RunTime:0.000014s ]
INFO: [ app_init ] --END-- [ RunTime:0.000330s ]
INFO: [ app_begin ] --START--
INFO: Run Behavior\ReadHtmlCacheBehavior [ RunTime:0.000356s ]
INFO: [ app_begin ] --END-- [ RunTime:0.000453s ]
NOTIC: [8192] mysql_connect(): The mysql extension is deprecated and will be removed in the future: use mysqli or PDO instead /alidata/www/xmzkjqx/ThinkPHP/Library/Think/Session/Driver/Db.class.php 第 95 行.
INFO: [ view_parse ] --START--
INFO: [ template_filter ] --START--
INFO: Run Behavior\ContentReplaceBehavior [ RunTime:0.000052s ]
INFO: [ template_filter ] --END-- [ RunTime:0.000102s ]
INFO: Run Behavior\ParseTemplateBehavior [ RunTime:0.006093s ]
INFO: [ view_parse ] --END-- [ RunTime:0.006139s ]
INFO: [ view_filter ] --START--
INFO: Run Behavior\WriteHtmlCacheBehavior [ RunTime:0.000136s ]
INFO: [ view_filter ] --END-- [ RunTime:0.000172s ]
INFO: [ app_end ] --START--
INFO: Run Behavior\ShowPageTraceBehavior [ RunTime:0.000380s ]
INFO: [ app_end ] --END-- [ RunTime:0.000420s ]

[ 2016-08-15T16:43:09+08:00 ] 59.49.53.162 /index.php/Pangu/Index/welcome.html
INFO: [ app_init ] --START--
INFO: Run Behavior\BuildLiteBehavior [ RunTime:0.000017s ]
INFO: [ app_init ] --END-- [ RunTime:0.000402s ]
INFO: [ app_begin ] --START--
INFO: Run Behavior\ReadHtmlCacheBehavior [ RunTime:0.000356s ]
INFO: [ app_begin ] --END-- [ RunTime:0.000399s ]
NOTIC: [8192] mysql_connect(): The mysql extension is deprecated and will be removed in the future: use mysqli or PDO instead /alidata/www/xmzkjqx/ThinkPHP/Library/Think/Session/Driver/Db.class.php 第 95 行.
NOTIC: [8] Undefined index: SystemRoot /alidata/www/xmzkjqx/Application/Pangu/Controller/IndexController.class.php 第 30 行.
INFO: [ view_parse ] --START--
INFO: [ template_filter ] --START--
INFO: Run Behavior\ContentReplaceBehavior [ RunTime:0.000040s ]
INFO: [ template_filter ] --END-- [ RunTime:0.000082s ]
INFO: Run Behavior\ParseTemplateBehavior [ RunTime:0.005445s ]
INFO: [ view_parse ] --END-- [ RunTime:0.005489s ]
INFO: [ view_filter ] --START--
INFO: Run Behavior\WriteHtmlCacheBehavior [ RunTime:0.000128s ]
INFO: [ view_filter ] --END-- [ RunTime:0.000167s ]
INFO: [ app_end ] --START--
INFO: Run Behavior\ShowPageTraceBehavior [ RunTime:0.000376s ]
INFO: [ app_end ] --END-- [ RunTime:0.000424s ]

[ 2016-08-15T16:43:09+08:00 ] 59.49.53.162 /index.php/Pangu/Index/skin/default/skin.css
INFO: [ app_init ] --START--
INFO: Run Behavior\BuildLiteBehavior [ RunTime:0.000016s ]
INFO: [ app_init ] --END-- [ RunTime:0.000289s ]
INFO: [ app_begin ] --START--
INFO: Run Behavior\ReadHtmlCacheBehavior [ RunTime:0.000342s ]
INFO: [ app_begin ] --END-- [ RunTime:0.000404s ]
NOTIC: [8192] mysql_connect(): The mysql extension is deprecated and will be removed in the future: use mysqli or PDO instead /alidata/www/xmzkjqx/ThinkPHP/Library/Think/Session/Driver/Db.class.php 第 95 行.
ERR: 非法操作:skin

[ 2016-08-15T16:43:11+08:00 ] 59.49.53.162 /index.php/Pangu/Index/kj_result.html
INFO: [ app_init ] --START--
INFO: Run Behavior\BuildLiteBehavior [ RunTime:0.000015s ]
INFO: [ app_init ] --END-- [ RunTime:0.000301s ]
INFO: [ app_begin ] --START--
INFO: Run Behavior\ReadHtmlCacheBehavior [ RunTime:0.000344s ]
INFO: [ app_begin ] --END-- [ RunTime:0.000386s ]
NOTIC: [8192] mysql_connect(): The mysql extension is deprecated and will be removed in the future: use mysqli or PDO instead /alidata/www/xmzkjqx/ThinkPHP/Library/Think/Session/Driver/Db.class.php 第 95 行.
SQL: SELECT a.*,b.nickname FROM pg_kanjia_record a,pg_wx_user b WHERE a.uid = b.uid  [ RunTime:0.0022s ]
INFO: [ view_parse ] --START--
INFO: [ template_filter ] --START--
INFO: Run Behavior\ContentReplaceBehavior [ RunTime:0.000057s ]
INFO: [ template_filter ] --END-- [ RunTime:0.000108s ]
NOTIC: [8] Undefined variable: type /alidata/www/xmzkjqx/Application/Runtime/Cache/Pangu/dad8132e1c6a142f7d618e1b8ecc74cf.php 第 38 行.
NOTIC: [8] Undefined variable: page /alidata/www/xmzkjqx/Application/Runtime/Cache/Pangu/dad8132e1c6a142f7d618e1b8ecc74cf.php 第 71 行.
INFO: Run Behavior\ParseTemplateBehavior [ RunTime:0.008850s ]
INFO: [ view_parse ] --END-- [ RunTime:0.008902s ]
INFO: [ view_filter ] --START--
INFO: Run Behavior\WriteHtmlCacheBehavior [ RunTime:0.000133s ]
INFO: [ view_filter ] --END-- [ RunTime:0.000173s ]

[ 2016-08-15T16:43:11+08:00 ] 59.49.53.162 /index.php/Pangu/Index/kj_result.html
INFO: [ app_init ] --START--
INFO: Run Behavior\BuildLiteBehavior [ RunTime:0.000011s ]
INFO: [ app_init ] --END-- [ RunTime:0.000277s ]
INFO: [ app_begin ] --START--
INFO: Run Behavior\ReadHtmlCacheBehavior [ RunTime:0.000370s ]
INFO: [ app_begin ] --END-- [ RunTime:0.000416s ]
NOTIC: [8192] mysql_connect(): The mysql extension is deprecated and will be removed in the future: use mysqli or PDO instead /alidata/www/xmzkjqx/ThinkPHP/Library/Think/Session/Driver/Db.class.php 第 95 行.
SQL: SELECT a.*,b.nickname FROM pg_kanjia_record a,pg_wx_user b WHERE a.uid = b.uid  [ RunTime:0.0021s ]
INFO: [ view_parse ] --START--
INFO: [ template_filter ] --START--
INFO: Run Behavior\ContentReplaceBehavior [ RunTime:0.000051s ]
INFO: [ template_filter ] --END-- [ RunTime:0.000095s ]
NOTIC: [8] Undefined variable: type /alidata/www/xmzkjqx/Application/Runtime/Cache/Pangu/dad8132e1c6a142f7d618e1b8ecc74cf.php 第 38 行.
NOTIC: [8] Undefined variable: page /alidata/www/xmzkjqx/Application/Runtime/Cache/Pangu/dad8132e1c6a142f7d618e1b8ecc74cf.php 第 71 行.
INFO: Run Behavior\ParseTemplateBehavior [ RunTime:0.008260s ]
INFO: [ view_parse ] --END-- [ RunTime:0.008306s ]
INFO: [ view_filter ] --START--
INFO: Run Behavior\WriteHtmlCacheBehavior [ RunTime:0.000151s ]
INFO: [ view_filter ] --END-- [ RunTime:0.000195s ]
INFO: [ app_end ] --START--
INFO: Run Behavior\ShowPageTraceBehavior [ RunTime:0.000709s ]
INFO: [ app_end ] --END-- [ RunTime:0.000825s ]

[ 2016-08-15T16:43:13+08:00 ] 59.49.53.162 /index.php/Pangu/Index/skin/default/skin.css
INFO: [ app_init ] --START--
INFO: Run Behavior\BuildLiteBehavior [ RunTime:0.000014s ]
INFO: [ app_init ] --END-- [ RunTime:0.000277s ]
INFO: [ app_begin ] --START--
INFO: Run Behavior\ReadHtmlCacheBehavior [ RunTime:0.000354s ]
INFO: [ app_begin ] --END-- [ RunTime:0.000402s ]
NOTIC: [8192] mysql_connect(): The mysql extension is deprecated and will be removed in the future: use mysqli or PDO instead /alidata/www/xmzkjqx/ThinkPHP/Library/Think/Session/Driver/Db.class.php 第 95 行.
ERR: 非法操作:skin

[ 2016-08-15T16:45:42+08:00 ] 140.207.185.112 /index.php/Pangu/Login/index.html
INFO: [ app_init ] --START--
INFO: Run Behavior\BuildLiteBehavior [ RunTime:0.000016s ]
INFO: [ app_init ] --END-- [ RunTime:0.000314s ]
INFO: [ app_begin ] --START--
INFO: Run Behavior\ReadHtmlCacheBehavior [ RunTime:0.000334s ]
INFO: [ app_begin ] --END-- [ RunTime:0.000376s ]
NOTIC: [8192] mysql_connect(): The mysql extension is deprecated and will be removed in the future: use mysqli or PDO instead /alidata/www/xmzkjqx/ThinkPHP/Library/Think/Session/Driver/Db.class.php 第 95 行.
INFO: [ view_parse ] --START--
INFO: [ template_filter ] --START--
INFO: Run Behavior\ContentReplaceBehavior [ RunTime:0.000038s ]
INFO: [ template_filter ] --END-- [ RunTime:0.000086s ]
INFO: Run Behavior\ParseTemplateBehavior [ RunTime:0.004601s ]
INFO: [ view_parse ] --END-- [ RunTime:0.004645s ]
INFO: [ view_filter ] --START--
INFO: Run Behavior\WriteHtmlCacheBehavior [ RunTime:0.000137s ]
INFO: [ view_filter ] --END-- [ RunTime:0.000173s ]
INFO: [ app_end ] --START--
INFO: Run Behavior\ShowPageTraceBehavior [ RunTime:0.000385s ]
INFO: [ app_end ] --END-- [ RunTime:0.000426s ]

[ 2016-08-15T16:47:36+08:00 ] 59.49.53.162 /index.php/Pangu/Index/dk_result.html
INFO: [ app_init ] --START--
INFO: Run Behavior\BuildLiteBehavior [ RunTime:0.000014s ]
INFO: [ app_init ] --END-- [ RunTime:0.000283s ]
INFO: [ app_begin ] --START--
INFO: Run Behavior\ReadHtmlCacheBehavior [ RunTime:0.000341s ]
INFO: [ app_begin ] --END-- [ RunTime:0.000390s ]
NOTIC: [8192] mysql_connect(): The mysql extension is deprecated and will be removed in the future: use mysqli or PDO instead /alidata/www/xmzkjqx/ThinkPHP/Library/Think/Session/Driver/Db.class.php 第 95 行.
SQL: SELECT a.*,b.nickname FROM pg_dk_record a,pg_wx_user b where a.uid = b.uid [ RunTime:0.0010s ]
SQL: SELECT * FROM pg_dk_record  where status=2 and num = 10 [ RunTime:0.0002s ]
INFO: [ view_parse ] --START--
INFO: [ template_filter ] --START--
INFO: Run Behavior\ContentReplaceBehavior [ RunTime:0.000051s ]
INFO: [ template_filter ] --END-- [ RunTime:0.000096s ]
NOTIC: [8] Undefined variable: type /alidata/www/xmzkjqx/Application/Runtime/Cache/Pangu/fd11931e1600a991dcae796dedf2db11.php 第 38 行.
NOTIC: [8] Undefined variable: page /alidata/www/xmzkjqx/Application/Runtime/Cache/Pangu/fd11931e1600a991dcae796dedf2db11.php 第 65 行.
INFO: Run Behavior\ParseTemplateBehavior [ RunTime:0.006533s ]
INFO: [ view_parse ] --END-- [ RunTime:0.006598s ]
INFO: [ view_filter ] --START--
INFO: Run Behavior\WriteHtmlCacheBehavior [ RunTime:0.000135s ]
INFO: [ view_filter ] --END-- [ RunTime:0.000172s ]
INFO: [ app_end ] --START--
INFO: Run Behavior\ShowPageTraceBehavior [ RunTime:0.000384s ]
INFO: [ app_end ] --END-- [ RunTime:0.000429s ]

[ 2016-08-15T16:47:37+08:00 ] 59.49.53.162 /index.php/Pangu/Index/skin/default/skin.css
INFO: [ app_init ] --START--
INFO: Run Behavior\BuildLiteBehavior [ RunTime:0.000016s ]
INFO: [ app_init ] --END-- [ RunTime:0.000296s ]
INFO: [ app_begin ] --START--
INFO: Run Behavior\ReadHtmlCacheBehavior [ RunTime:0.000337s ]
INFO: [ app_begin ] --END-- [ RunTime:0.000380s ]
NOTIC: [8192] mysql_connect(): The mysql extension is deprecated and will be removed in the future: use mysqli or PDO instead /alidata/www/xmzkjqx/ThinkPHP/Library/Think/Session/Driver/Db.class.php 第 95 行.
ERR: 非法操作:skin

[ 2016-08-15T16:47:38+08:00 ] 59.49.53.162 /index.php/Pangu/Index/kj_result.html
INFO: [ app_init ] --START--
INFO: Run Behavior\BuildLiteBehavior [ RunTime:0.000017s ]
INFO: [ app_init ] --END-- [ RunTime:0.000292s ]
INFO: [ app_begin ] --START--
INFO: Run Behavior\ReadHtmlCacheBehavior [ RunTime:0.000356s ]
INFO: [ app_begin ] --END-- [ RunTime:0.000400s ]
NOTIC: [8192] mysql_connect(): The mysql extension is deprecated and will be removed in the future: use mysqli or PDO instead /alidata/www/xmzkjqx/ThinkPHP/Library/Think/Session/Driver/Db.class.php 第 95 行.
SQL: SELECT a.*,b.nickname FROM pg_kanjia_record a,pg_wx_user b WHERE a.uid = b.uid  [ RunTime:0.0034s ]
INFO: [ view_parse ] --START--
INFO: [ template_filter ] --START--
INFO: Run Behavior\ContentReplaceBehavior [ RunTime:0.000072s ]
INFO: [ template_filter ] --END-- [ RunTime:0.000150s ]
NOTIC: [8] Undefined variable: type /alidata/www/xmzkjqx/Application/Runtime/Cache/Pangu/dad8132e1c6a142f7d618e1b8ecc74cf.php 第 38 行.
NOTIC: [8] Undefined variable: page /alidata/www/xmzkjqx/Application/Runtime/Cache/Pangu/dad8132e1c6a142f7d618e1b8ecc74cf.php 第 71 行.
INFO: Run Behavior\ParseTemplateBehavior [ RunTime:0.010303s ]
INFO: [ view_parse ] --END-- [ RunTime:0.010378s ]
INFO: [ view_filter ] --START--
INFO: Run Behavior\WriteHtmlCacheBehavior [ RunTime:0.000235s ]
INFO: [ view_filter ] --END-- [ RunTime:0.000307s ]
INFO: [ app_end ] --START--
INFO: Run Behavior\ShowPageTraceBehavior [ RunTime:0.000640s ]
INFO: [ app_end ] --END-- [ RunTime:0.000723s ]

[ 2016-08-15T16:47:39+08:00 ] 59.49.53.162 /index.php/Pangu/Index/skin/default/skin.css
INFO: [ app_init ] --START--
INFO: Run Behavior\BuildLiteBehavior [ RunTime:0.000017s ]
INFO: [ app_init ] --END-- [ RunTime:0.000290s ]
INFO: [ app_begin ] --START--
INFO: Run Behavior\ReadHtmlCacheBehavior [ RunTime:0.000410s ]
INFO: [ app_begin ] --END-- [ RunTime:0.000454s ]
NOTIC: [8192] mysql_connect(): The mysql extension is deprecated and will be removed in the future: use mysqli or PDO instead /alidata/www/xmzkjqx/ThinkPHP/Library/Think/Session/Driver/Db.class.php 第 95 行.
ERR: 非法操作:skin

[ 2016-08-15T16:47:41+08:00 ] 59.49.53.162 /index.php/Pangu/Index/kanjia.html
INFO: [ app_init ] --START--
INFO: Run Behavior\BuildLiteBehavior [ RunTime:0.000015s ]
INFO: [ app_init ] --END-- [ RunTime:0.000308s ]
INFO: [ app_begin ] --START--
INFO: Run Behavior\ReadHtmlCacheBehavior [ RunTime:0.000334s ]
INFO: [ app_begin ] --END-- [ RunTime:0.000393s ]
NOTIC: [8192] mysql_connect(): The mysql extension is deprecated and will be removed in the future: use mysqli or PDO instead /alidata/www/xmzkjqx/ThinkPHP/Library/Think/Session/Driver/Db.class.php 第 95 行.
SQL: SELECT a.goods_no,a.goods_name,b.* FROM pg_goods a,pg_kanjia b WHERE a.id = b.pid [ RunTime:0.0004s ]
INFO: [ view_parse ] --START--
INFO: [ template_filter ] --START--
INFO: Run Behavior\ContentReplaceBehavior [ RunTime:0.000052s ]
INFO: [ template_filter ] --END-- [ RunTime:0.000103s ]
NOTIC: [8] Undefined variable: type /alidata/www/xmzkjqx/Application/Runtime/Cache/Pangu/0a01e3a416f2a2a76a3f4eb09ce9d0ab.php 第 38 行.
NOTIC: [8] Undefined variable: type /alidata/www/xmzkjqx/Application/Runtime/Cache/Pangu/0a01e3a416f2a2a76a3f4eb09ce9d0ab.php 第 70 行.
NOTIC: [8] Undefined variable: type /alidata/www/xmzkjqx/Application/Runtime/Cache/Pangu/0a01e3a416f2a2a76a3f4eb09ce9d0ab.php 第 70 行.
NOTIC: [8] Undefined variable: type /alidata/www/xmzkjqx/Application/Runtime/Cache/Pangu/0a01e3a416f2a2a76a3f4eb09ce9d0ab.php 第 70 行.
NOTIC: [8] Undefined variable: type /alidata/www/xmzkjqx/Application/Runtime/Cache/Pangu/0a01e3a416f2a2a76a3f4eb09ce9d0ab.php 第 70 行.
NOTIC: [8] Undefined variable: page /alidata/www/xmzkjqx/Application/Runtime/Cache/Pangu/0a01e3a416f2a2a76a3f4eb09ce9d0ab.php 第 76 行.
INFO: Run Behavior\ParseTemplateBehavior [ RunTime:0.023622s ]
INFO: [ view_parse ] --END-- [ RunTime:0.023667s ]
INFO: [ view_filter ] --START--
INFO: Run Behavior\WriteHtmlCacheBehavior [ RunTime:0.000128s ]
INFO: [ view_filter ] --END-- [ RunTime:0.000171s ]
INFO: [ app_end ] --START--
INFO: Run Behavior\ShowPageTraceBehavior [ RunTime:0.000391s ]
INFO: [ app_end ] --END-- [ RunTime:0.000436s ]

[ 2016-08-15T16:47:41+08:00 ] 59.49.53.162 /index.php/Pangu/Index/kanjia.html
INFO: [ app_init ] --START--
INFO: Run Behavior\BuildLiteBehavior [ RunTime:0.000014s ]
INFO: [ app_init ] --END-- [ RunTime:0.000282s ]
INFO: [ app_begin ] --START--
INFO: Run Behavior\ReadHtmlCacheBehavior [ RunTime:0.000380s ]
INFO: [ app_begin ] --END-- [ RunTime:0.000469s ]
NOTIC: [8192] mysql_connect(): The mysql extension is deprecated and will be removed in the future: use mysqli or PDO instead /alidata/www/xmzkjqx/ThinkPHP/Library/Think/Session/Driver/Db.class.php 第 95 行.
SQL: SELECT a.goods_no,a.goods_name,b.* FROM pg_goods a,pg_kanjia b WHERE a.id = b.pid [ RunTime:0.0004s ]
INFO: [ view_parse ] --START--
INFO: [ template_filter ] --START--
INFO: Run Behavior\ContentReplaceBehavior [ RunTime:0.000049s ]
INFO: [ template_filter ] --END-- [ RunTime:0.000095s ]
NOTIC: [8] Undefined variable: type /alidata/www/xmzkjqx/Application/Runtime/Cache/Pangu/0a01e3a416f2a2a76a3f4eb09ce9d0ab.php 第 38 行.
NOTIC: [8] Undefined variable: type /alidata/www/xmzkjqx/Application/Runtime/Cache/Pangu/0a01e3a416f2a2a76a3f4eb09ce9d0ab.php 第 70 行.
NOTIC: [8] Undefined variable: type /alidata/www/xmzkjqx/Application/Runtime/Cache/Pangu/0a01e3a416f2a2a76a3f4eb09ce9d0ab.php 第 70 行.
NOTIC: [8] Undefined variable: type /alidata/www/xmzkjqx/Application/Runtime/Cache/Pangu/0a01e3a416f2a2a76a3f4eb09ce9d0ab.php 第 70 行.
NOTIC: [8] Undefined variable: type /alidata/www/xmzkjqx/Application/Runtime/Cache/Pangu/0a01e3a416f2a2a76a3f4eb09ce9d0ab.php 第 70 行.
NOTIC: [8] Undefined variable: page /alidata/www/xmzkjqx/Application/Runtime/Cache/Pangu/0a01e3a416f2a2a76a3f4eb09ce9d0ab.php 第 76 行.
INFO: Run Behavior\ParseTemplateBehavior [ RunTime:0.007092s ]
INFO: [ view_parse ] --END-- [ RunTime:0.007133s ]
INFO: [ view_filter ] --START--
INFO: Run Behavior\WriteHtmlCacheBehavior [ RunTime:0.000159s ]
INFO: [ view_filter ] --END-- [ RunTime:0.000195s ]
INFO: [ app_end ] --START--
INFO: Run Behavior\ShowPageTraceBehavior [ RunTime:0.000364s ]
INFO: [ app_end ] --END-- [ RunTime:0.000404s ]

[ 2016-08-15T16:47:41+08:00 ] 59.49.53.162 /index.php/Pangu/Index/skin/default/skin.css
INFO: [ app_init ] --START--
INFO: Run Behavior\BuildLiteBehavior [ RunTime:0.000018s ]
INFO: [ app_init ] --END-- [ RunTime:0.000296s ]
INFO: [ app_begin ] --START--
INFO: Run Behavior\ReadHtmlCacheBehavior [ RunTime:0.000344s ]
INFO: [ app_begin ] --END-- [ RunTime:0.000405s ]
NOTIC: [8192] mysql_connect(): The mysql extension is deprecated and will be removed in the future: use mysqli or PDO instead /alidata/www/xmzkjqx/ThinkPHP/Library/Think/Session/Driver/Db.class.php 第 95 行.
ERR: 非法操作:skin

[ 2016-08-15T16:47:47+08:00 ] 59.49.53.162 /index.php/Pangu/Index/edit.html?table=kanjia&type=&id=3
INFO: [ app_init ] --START--
INFO: Run Behavior\BuildLiteBehavior [ RunTime:0.000018s ]
INFO: [ app_init ] --END-- [ RunTime:0.000344s ]
INFO: [ app_begin ] --START--
INFO: Run Behavior\ReadHtmlCacheBehavior [ RunTime:0.000349s ]
INFO: [ app_begin ] --END-- [ RunTime:0.000397s ]
NOTIC: [8192] mysql_connect(): The mysql extension is deprecated and will be removed in the future: use mysqli or PDO instead /alidata/www/xmzkjqx/ThinkPHP/Library/Think/Session/Driver/Db.class.php 第 95 行.
SQL: SHOW COLUMNS FROM `pg_kanjia` [ RunTime:0.0010s ]
SQL: SELECT * FROM `pg_kanjia` WHERE ( id=3 ) LIMIT 1   [ RunTime:0.0002s ]
INFO: [ view_parse ] --START--
INFO: [ template_filter ] --START--
INFO: Run Behavior\ContentReplaceBehavior [ RunTime:0.000068s ]
INFO: [ template_filter ] --END-- [ RunTime:0.000137s ]
NOTIC: [8] Undefined variable: type /alidata/www/xmzkjqx/Application/Runtime/Cache/Pangu/7fc4a0c10383a081d769729d375f5e50.php 第 28 行.
NOTIC: [8] Undefined variable: templets /alidata/www/xmzkjqx/Application/Runtime/Cache/Pangu/7fc4a0c10383a081d769729d375f5e50.php 第 120 行.
INFO: Run Behavior\ParseTemplateBehavior [ RunTime:0.026158s ]
INFO: [ view_parse ] --END-- [ RunTime:0.026222s ]
INFO: [ view_filter ] --START--
INFO: Run Behavior\WriteHtmlCacheBehavior [ RunTime:0.000134s ]
INFO: [ view_filter ] --END-- [ RunTime:0.000169s ]
INFO: [ app_end ] --START--
INFO: Run Behavior\ShowPageTraceBehavior [ RunTime:0.000384s ]
INFO: [ app_end ] --END-- [ RunTime:0.000427s ]

[ 2016-08-15T17:17:55+08:00 ] 59.49.53.162 /index.php/Pangu/Login/index.html
INFO: [ app_init ] --START--
INFO: Run Behavior\BuildLiteBehavior [ RunTime:0.000015s ]
INFO: [ app_init ] --END-- [ RunTime:0.000283s ]
INFO: [ app_begin ] --START--
INFO: Run Behavior\ReadHtmlCacheBehavior [ RunTime:0.000350s ]
INFO: [ app_begin ] --END-- [ RunTime:0.000394s ]
NOTIC: [8192] mysql_connect(): The mysql extension is deprecated and will be removed in the future: use mysqli or PDO instead /alidata/www/xmzkjqx/ThinkPHP/Library/Think/Session/Driver/Db.class.php 第 95 行.
INFO: [ view_parse ] --START--
INFO: [ template_filter ] --START--
INFO: Run Behavior\ContentReplaceBehavior [ RunTime:0.000042s ]
INFO: [ template_filter ] --END-- [ RunTime:0.000105s ]
INFO: Run Behavior\ParseTemplateBehavior [ RunTime:0.004947s ]
INFO: [ view_parse ] --END-- [ RunTime:0.005006s ]
INFO: [ view_filter ] --START--
INFO: Run Behavior\WriteHtmlCacheBehavior [ RunTime:0.000162s ]
INFO: [ view_filter ] --END-- [ RunTime:0.000212s ]
INFO: [ app_end ] --START--
INFO: Run Behavior\ShowPageTraceBehavior [ RunTime:0.000371s ]
INFO: [ app_end ] --END-- [ RunTime:0.000417s ]

[ 2016-08-15T17:18:07+08:00 ] 59.49.53.162 /index.php/Pangu/Login/do_login.html
INFO: [ app_init ] --START--
INFO: Run Behavior\BuildLiteBehavior [ RunTime:0.000014s ]
INFO: [ app_init ] --END-- [ RunTime:0.000292s ]
INFO: [ app_begin ] --START--
INFO: Run Behavior\ReadHtmlCacheBehavior [ RunTime:0.000336s ]
INFO: [ app_begin ] --END-- [ RunTime:0.000397s ]
NOTIC: [8192] mysql_connect(): The mysql extension is deprecated and will be removed in the future: use mysqli or PDO instead /alidata/www/xmzkjqx/ThinkPHP/Library/Think/Session/Driver/Db.class.php 第 95 行.
SQL: SHOW COLUMNS FROM `pg_admin` [ RunTime:0.0013s ]
SQL: SELECT * FROM `pg_admin` WHERE ( uname='admin' ) LIMIT 1   [ RunTime:0.0003s ]

[ 2016-08-15T17:18:07+08:00 ] 59.49.53.162 /index.php/Pangu/Index/index.html
INFO: [ app_init ] --START--
INFO: Run Behavior\BuildLiteBehavior [ RunTime:0.000023s ]
INFO: [ app_init ] --END-- [ RunTime:0.000299s ]
INFO: [ app_begin ] --START--
INFO: Run Behavior\ReadHtmlCacheBehavior [ RunTime:0.000363s ]
INFO: [ app_begin ] --END-- [ RunTime:0.000406s ]
NOTIC: [8192] mysql_connect(): The mysql extension is deprecated and will be removed in the future: use mysqli or PDO instead /alidata/www/xmzkjqx/ThinkPHP/Library/Think/Session/Driver/Db.class.php 第 95 行.
INFO: [ view_parse ] --START--
INFO: [ template_filter ] --START--
INFO: Run Behavior\ContentReplaceBehavior [ RunTime:0.000052s ]
INFO: [ template_filter ] --END-- [ RunTime:0.000106s ]
INFO: Run Behavior\ParseTemplateBehavior [ RunTime:0.006206s ]
INFO: [ view_parse ] --END-- [ RunTime:0.006258s ]
INFO: [ view_filter ] --START--
INFO: Run Behavior\WriteHtmlCacheBehavior [ RunTime:0.000151s ]
INFO: [ view_filter ] --END-- [ RunTime:0.000187s ]
INFO: [ app_end ] --START--
INFO: Run Behavior\ShowPageTraceBehavior [ RunTime:0.000365s ]
INFO: [ app_end ] --END-- [ RunTime:0.000405s ]

[ 2016-08-15T17:18:07+08:00 ] 59.49.53.162 /index.php/Pangu/Index/welcome.html
INFO: [ app_init ] --START--
INFO: Run Behavior\BuildLiteBehavior [ RunTime:0.000016s ]
INFO: [ app_init ] --END-- [ RunTime:0.000293s ]
INFO: [ app_begin ] --START--
INFO: Run Behavior\ReadHtmlCacheBehavior [ RunTime:0.000332s ]
INFO: [ app_begin ] --END-- [ RunTime:0.000376s ]
NOTIC: [8192] mysql_connect(): The mysql extension is deprecated and will be removed in the future: use mysqli or PDO instead /alidata/www/xmzkjqx/ThinkPHP/Library/Think/Session/Driver/Db.class.php 第 95 行.
NOTIC: [8] Undefined index: SystemRoot /alidata/www/xmzkjqx/Application/Pangu/Controller/IndexController.class.php 第 30 行.
INFO: [ view_parse ] --START--
INFO: [ template_filter ] --START--
INFO: Run Behavior\ContentReplaceBehavior [ RunTime:0.000045s ]
INFO: [ template_filter ] --END-- [ RunTime:0.000095s ]
INFO: Run Behavior\ParseTemplateBehavior [ RunTime:0.005270s ]
INFO: [ view_parse ] --END-- [ RunTime:0.005316s ]
INFO: [ view_filter ] --START--
INFO: Run Behavior\WriteHtmlCacheBehavior [ RunTime:0.000158s ]
INFO: [ view_filter ] --END-- [ RunTime:0.000211s ]
INFO: [ app_end ] --START--
INFO: Run Behavior\ShowPageTraceBehavior [ RunTime:0.000508s ]
INFO: [ app_end ] --END-- [ RunTime:0.000561s ]

[ 2016-08-15T17:18:08+08:00 ] 59.49.53.162 /index.php/Pangu/Index/skin/default/skin.css
INFO: [ app_init ] --START--
INFO: Run Behavior\BuildLiteBehavior [ RunTime:0.000022s ]
INFO: [ app_init ] --END-- [ RunTime:0.000423s ]
INFO: [ app_begin ] --START--
INFO: Run Behavior\ReadHtmlCacheBehavior [ RunTime:0.000372s ]
INFO: [ app_begin ] --END-- [ RunTime:0.000417s ]
NOTIC: [8192] mysql_connect(): The mysql extension is deprecated and will be removed in the future: use mysqli or PDO instead /alidata/www/xmzkjqx/ThinkPHP/Library/Think/Session/Driver/Db.class.php 第 95 行.
ERR: 非法操作:skin

[ 2016-08-15T17:18:08+08:00 ] 59.49.53.162 /index.php/Pangu/Index/skin/default/skin.css
INFO: [ app_init ] --START--
INFO: Run Behavior\BuildLiteBehavior [ RunTime:0.000016s ]
INFO: [ app_init ] --END-- [ RunTime:0.000309s ]
INFO: [ app_begin ] --START--
INFO: Run Behavior\ReadHtmlCacheBehavior [ RunTime:0.000346s ]
INFO: [ app_begin ] --END-- [ RunTime:0.000407s ]
NOTIC: [8192] mysql_connect(): The mysql extension is deprecated and will be removed in the future: use mysqli or PDO instead /alidata/www/xmzkjqx/ThinkPHP/Library/Think/Session/Driver/Db.class.php 第 95 行.
ERR: 非法操作:skin

[ 2016-08-15T17:18:17+08:00 ] 59.49.53.162 /index.php/Pangu/Index/kj_result.html
INFO: [ app_init ] --START--
INFO: Run Behavior\BuildLiteBehavior [ RunTime:0.000018s ]
INFO: [ app_init ] --END-- [ RunTime:0.000394s ]
INFO: [ app_begin ] --START--
INFO: Run Behavior\ReadHtmlCacheBehavior [ RunTime:0.000371s ]
INFO: [ app_begin ] --END-- [ RunTime:0.000413s ]
NOTIC: [8192] mysql_connect(): The mysql extension is deprecated and will be removed in the future: use mysqli or PDO instead /alidata/www/xmzkjqx/ThinkPHP/Library/Think/Session/Driver/Db.class.php 第 95 行.
SQL: SELECT a.*,b.nickname FROM pg_kanjia_record a,pg_wx_user b WHERE a.uid = b.uid  [ RunTime:0.0021s ]
INFO: [ view_parse ] --START--
INFO: [ template_filter ] --START--
INFO: Run Behavior\ContentReplaceBehavior [ RunTime:0.000046s ]
INFO: [ template_filter ] --END-- [ RunTime:0.000088s ]
NOTIC: [8] Undefined variable: type /alidata/www/xmzkjqx/Application/Runtime/Cache/Pangu/dad8132e1c6a142f7d618e1b8ecc74cf.php 第 38 行.
NOTIC: [8] Undefined variable: page /alidata/www/xmzkjqx/Application/Runtime/Cache/Pangu/dad8132e1c6a142f7d618e1b8ecc74cf.php 第 71 行.
INFO: Run Behavior\ParseTemplateBehavior [ RunTime:0.008125s ]
INFO: [ view_parse ] --END-- [ RunTime:0.008185s ]
INFO: [ view_filter ] --START--
INFO: Run Behavior\WriteHtmlCacheBehavior [ RunTime:0.000131s ]
INFO: [ view_filter ] --END-- [ RunTime:0.000169s ]
INFO: [ app_end ] --START--
INFO: Run Behavior\ShowPageTraceBehavior [ RunTime:0.000739s ]
INFO: [ app_end ] --END-- [ RunTime:0.000861s ]

[ 2016-08-15T17:18:21+08:00 ] 59.49.53.162 /index.php/Pangu/Index/skin/default/skin.css
INFO: [ app_init ] --START--
INFO: Run Behavior\BuildLiteBehavior [ RunTime:0.000015s ]
INFO: [ app_init ] --END-- [ RunTime:0.000303s ]
INFO: [ app_begin ] --START--
INFO: Run Behavior\ReadHtmlCacheBehavior [ RunTime:0.000336s ]
INFO: [ app_begin ] --END-- [ RunTime:0.000385s ]
NOTIC: [8192] mysql_connect(): The mysql extension is deprecated and will be removed in the future: use mysqli or PDO instead /alidata/www/xmzkjqx/ThinkPHP/Library/Think/Session/Driver/Db.class.php 第 95 行.
ERR: 非法操作:skin

[ 2016-08-15T17:21:14+08:00 ] 61.151.228.22 /index.php/Pangu/Index/welcome.html
INFO: [ app_init ] --START--
INFO: Run Behavior\BuildLiteBehavior [ RunTime:0.000014s ]
INFO: [ app_init ] --END-- [ RunTime:0.000277s ]
INFO: [ app_begin ] --START--
INFO: Run Behavior\ReadHtmlCacheBehavior [ RunTime:0.000348s ]
INFO: [ app_begin ] --END-- [ RunTime:0.000393s ]
NOTIC: [8192] mysql_connect(): The mysql extension is deprecated and will be removed in the future: use mysqli or PDO instead /alidata/www/xmzkjqx/ThinkPHP/Library/Think/Session/Driver/Db.class.php 第 95 行.
NOTIC: [8] Undefined index: SystemRoot /alidata/www/xmzkjqx/Application/Pangu/Controller/IndexController.class.php 第 30 行.
INFO: [ view_parse ] --START--
INFO: [ template_filter ] --START--
INFO: Run Behavior\ContentReplaceBehavior [ RunTime:0.000040s ]
INFO: [ template_filter ] --END-- [ RunTime:0.000083s ]
INFO: Run Behavior\ParseTemplateBehavior [ RunTime:0.005250s ]
INFO: [ view_parse ] --END-- [ RunTime:0.005302s ]
INFO: [ view_filter ] --START--
INFO: Run Behavior\WriteHtmlCacheBehavior [ RunTime:0.000151s ]
INFO: [ view_filter ] --END-- [ RunTime:0.000187s ]
INFO: [ app_end ] --START--
INFO: Run Behavior\ShowPageTraceBehavior [ RunTime:0.000359s ]
INFO: [ app_end ] --END-- [ RunTime:0.000396s ]

[ 2016-08-15T17:21:16+08:00 ] 101.226.85.67 /index.php/Pangu/Index/kj_result.html
INFO: [ app_init ] --START--
INFO: Run Behavior\BuildLiteBehavior [ RunTime:0.000014s ]
INFO: [ app_init ] --END-- [ RunTime:0.000294s ]
INFO: [ app_begin ] --START--
INFO: Run Behavior\ReadHtmlCacheBehavior [ RunTime:0.000330s ]
INFO: [ app_begin ] --END-- [ RunTime:0.000375s ]
NOTIC: [8192] mysql_connect(): The mysql extension is deprecated and will be removed in the future: use mysqli or PDO instead /alidata/www/xmzkjqx/ThinkPHP/Library/Think/Session/Driver/Db.class.php 第 95 行.
SQL: SELECT a.*,b.nickname FROM pg_kanjia_record a,pg_wx_user b WHERE a.uid = b.uid  [ RunTime:0.0021s ]
INFO: [ view_parse ] --START--
INFO: [ template_filter ] --START--
INFO: Run Behavior\ContentReplaceBehavior [ RunTime:0.000098s ]
INFO: [ template_filter ] --END-- [ RunTime:0.000179s ]
NOTIC: [8] Undefined variable: type /alidata/www/xmzkjqx/Application/Runtime/Cache/Pangu/dad8132e1c6a142f7d618e1b8ecc74cf.php 第 38 行.
NOTIC: [8] Undefined variable: page /alidata/www/xmzkjqx/Application/Runtime/Cache/Pangu/dad8132e1c6a142f7d618e1b8ecc74cf.php 第 71 行.
INFO: Run Behavior\ParseTemplateBehavior [ RunTime:0.013914s ]
INFO: [ view_parse ] --END-- [ RunTime:0.013990s ]
INFO: [ view_filter ] --START--
INFO: Run Behavior\WriteHtmlCacheBehavior [ RunTime:0.000328s ]
INFO: [ view_filter ] --END-- [ RunTime:0.000394s ]
INFO: [ app_end ] --START--
INFO: Run Behavior\ShowPageTraceBehavior [ RunTime:0.000847s ]
INFO: [ app_end ] --END-- [ RunTime:0.000982s ]

[ 2016-08-15T17:24:57+08:00 ] 59.49.53.162 /index.php/Pangu/Index/kanjia.html
INFO: [ app_init ] --START--
INFO: Run Behavior\BuildLiteBehavior [ RunTime:0.000013s ]
INFO: [ app_init ] --END-- [ RunTime:0.000279s ]
INFO: [ app_begin ] --START--
INFO: Run Behavior\ReadHtmlCacheBehavior [ RunTime:0.000328s ]
INFO: [ app_begin ] --END-- [ RunTime:0.000371s ]
NOTIC: [8192] mysql_connect(): The mysql extension is deprecated and will be removed in the future: use mysqli or PDO instead /alidata/www/xmzkjqx/ThinkPHP/Library/Think/Session/Driver/Db.class.php 第 95 行.
SQL: SELECT a.goods_no,a.goods_name,b.* FROM pg_goods a,pg_kanjia b WHERE a.id = b.pid [ RunTime:0.0005s ]
INFO: [ view_parse ] --START--
INFO: [ template_filter ] --START--
INFO: Run Behavior\ContentReplaceBehavior [ RunTime:0.000071s ]
INFO: [ template_filter ] --END-- [ RunTime:0.000142s ]
NOTIC: [8] Undefined variable: type /alidata/www/xmzkjqx/Application/Runtime/Cache/Pangu/0a01e3a416f2a2a76a3f4eb09ce9d0ab.php 第 38 行.
NOTIC: [8] Undefined variable: type /alidata/www/xmzkjqx/Application/Runtime/Cache/Pangu/0a01e3a416f2a2a76a3f4eb09ce9d0ab.php 第 70 行.
NOTIC: [8] Undefined variable: type /alidata/www/xmzkjqx/Application/Runtime/Cache/Pangu/0a01e3a416f2a2a76a3f4eb09ce9d0ab.php 第 70 行.
NOTIC: [8] Undefined variable: type /alidata/www/xmzkjqx/Application/Runtime/Cache/Pangu/0a01e3a416f2a2a76a3f4eb09ce9d0ab.php 第 70 行.
NOTIC: [8] Undefined variable: type /alidata/www/xmzkjqx/Application/Runtime/Cache/Pangu/0a01e3a416f2a2a76a3f4eb09ce9d0ab.php 第 70 行.
NOTIC: [8] Undefined variable: page /alidata/www/xmzkjqx/Application/Runtime/Cache/Pangu/0a01e3a416f2a2a76a3f4eb09ce9d0ab.php 第 76 行.
INFO: Run Behavior\ParseTemplateBehavior [ RunTime:0.009006s ]
INFO: [ view_parse ] --END-- [ RunTime:0.009065s ]
INFO: [ view_filter ] --START--
INFO: Run Behavior\WriteHtmlCacheBehavior [ RunTime:0.000172s ]
INFO: [ view_filter ] --END-- [ RunTime:0.000221s ]
INFO: [ app_end ] --START--
INFO: Run Behavior\ShowPageTraceBehavior [ RunTime:0.000590s ]
INFO: [ app_end ] --END-- [ RunTime:0.000646s ]

[ 2016-08-15T17:24:58+08:00 ] 59.49.53.162 /index.php/Pangu/Index/skin/default/skin.css
INFO: [ app_init ] --START--
INFO: Run Behavior\BuildLiteBehavior [ RunTime:0.000013s ]
INFO: [ app_init ] --END-- [ RunTime:0.000285s ]
INFO: [ app_begin ] --START--
INFO: Run Behavior\ReadHtmlCacheBehavior [ RunTime:0.000436s ]
INFO: [ app_begin ] --END-- [ RunTime:0.000484s ]
NOTIC: [8192] mysql_connect(): The mysql extension is deprecated and will be removed in the future: use mysqli or PDO instead /alidata/www/xmzkjqx/ThinkPHP/Library/Think/Session/Driver/Db.class.php 第 95 行.
ERR: 非法操作:skin

[ 2016-08-15T17:28:06+08:00 ] 180.153.206.17 /index.php/Pangu/Index/kanjia.html
INFO: [ app_init ] --START--
INFO: Run Behavior\BuildLiteBehavior [ RunTime:0.000018s ]
INFO: [ app_init ] --END-- [ RunTime:0.000300s ]
INFO: [ app_begin ] --START--
INFO: Run Behavior\ReadHtmlCacheBehavior [ RunTime:0.000356s ]
INFO: [ app_begin ] --END-- [ RunTime:0.000400s ]
NOTIC: [8192] mysql_connect(): The mysql extension is deprecated and will be removed in the future: use mysqli or PDO instead /alidata/www/xmzkjqx/ThinkPHP/Library/Think/Session/Driver/Db.class.php 第 95 行.
SQL: SELECT a.goods_no,a.goods_name,b.* FROM pg_goods a,pg_kanjia b WHERE a.id = b.pid [ RunTime:0.0005s ]
INFO: [ view_parse ] --START--
INFO: [ template_filter ] --START--
INFO: Run Behavior\ContentReplaceBehavior [ RunTime:0.000054s ]
INFO: [ template_filter ] --END-- [ RunTime:0.000109s ]
NOTIC: [8] Undefined variable: type /alidata/www/xmzkjqx/Application/Runtime/Cache/Pangu/0a01e3a416f2a2a76a3f4eb09ce9d0ab.php 第 38 行.
NOTIC: [8] Undefined variable: type /alidata/www/xmzkjqx/Application/Runtime/Cache/Pangu/0a01e3a416f2a2a76a3f4eb09ce9d0ab.php 第 70 行.
NOTIC: [8] Undefined variable: type /alidata/www/xmzkjqx/Application/Runtime/Cache/Pangu/0a01e3a416f2a2a76a3f4eb09ce9d0ab.php 第 70 行.
NOTIC: [8] Undefined variable: type /alidata/www/xmzkjqx/Application/Runtime/Cache/Pangu/0a01e3a416f2a2a76a3f4eb09ce9d0ab.php 第 70 行.
NOTIC: [8] Undefined variable: type /alidata/www/xmzkjqx/Application/Runtime/Cache/Pangu/0a01e3a416f2a2a76a3f4eb09ce9d0ab.php 第 70 行.
NOTIC: [8] Undefined variable: page /alidata/www/xmzkjqx/Application/Runtime/Cache/Pangu/0a01e3a416f2a2a76a3f4eb09ce9d0ab.php 第 76 行.
INFO: Run Behavior\ParseTemplateBehavior [ RunTime:0.007200s ]
INFO: [ view_parse ] --END-- [ RunTime:0.007245s ]
INFO: [ view_filter ] --START--
INFO: Run Behavior\WriteHtmlCacheBehavior [ RunTime:0.000151s ]
INFO: [ view_filter ] --END-- [ RunTime:0.000186s ]
INFO: [ app_end ] --START--
INFO: Run Behavior\ShowPageTraceBehavior [ RunTime:0.000373s ]
INFO: [ app_end ] --END-- [ RunTime:0.000413s ]

[ 2016-08-15T18:08:56+08:00 ] 221.14.180.240 /index.php/Pangu/Index/index.html
INFO: [ app_init ] --START--
INFO: Run Behavior\BuildLiteBehavior [ RunTime:0.000024s ]
INFO: [ app_init ] --END-- [ RunTime:0.000435s ]
INFO: [ app_begin ] --START--
INFO: Run Behavior\ReadHtmlCacheBehavior [ RunTime:0.000490s ]
INFO: [ app_begin ] --END-- [ RunTime:0.000596s ]
NOTIC: [8192] mysql_connect(): The mysql extension is deprecated and will be removed in the future: use mysqli or PDO instead /alidata/www/xmzkjqx/ThinkPHP/Library/Think/Session/Driver/Db.class.php 第 95 行.
INFO: [ view_parse ] --START--
INFO: [ template_filter ] --START--
INFO: Run Behavior\ContentReplaceBehavior [ RunTime:0.000046s ]
INFO: [ template_filter ] --END-- [ RunTime:0.000092s ]
INFO: Run Behavior\ParseTemplateBehavior [ RunTime:0.006235s ]
INFO: [ view_parse ] --END-- [ RunTime:0.006279s ]
INFO: [ view_filter ] --START--
INFO: Run Behavior\WriteHtmlCacheBehavior [ RunTime:0.000131s ]
INFO: [ view_filter ] --END-- [ RunTime:0.000177s ]
INFO: [ app_end ] --START--
INFO: Run Behavior\ShowPageTraceBehavior [ RunTime:0.000497s ]
INFO: [ app_end ] --END-- [ RunTime:0.000551s ]

[ 2016-08-15T18:08:56+08:00 ] 221.14.180.240 /index.php/Pangu/Index/welcome.html
INFO: [ app_init ] --START--
INFO: Run Behavior\BuildLiteBehavior [ RunTime:0.000015s ]
INFO: [ app_init ] --END-- [ RunTime:0.000327s ]
INFO: [ app_begin ] --START--
INFO: Run Behavior\ReadHtmlCacheBehavior [ RunTime:0.000333s ]
INFO: [ app_begin ] --END-- [ RunTime:0.000376s ]
NOTIC: [8192] mysql_connect(): The mysql extension is deprecated and will be removed in the future: use mysqli or PDO instead /alidata/www/xmzkjqx/ThinkPHP/Library/Think/Session/Driver/Db.class.php 第 95 行.
NOTIC: [8] Undefined index: SystemRoot /alidata/www/xmzkjqx/Application/Pangu/Controller/IndexController.class.php 第 30 行.
INFO: [ view_parse ] --START--
INFO: [ template_filter ] --START--
INFO: Run Behavior\ContentReplaceBehavior [ RunTime:0.000169s ]
INFO: [ template_filter ] --END-- [ RunTime:0.000292s ]
INFO: Run Behavior\ParseTemplateBehavior [ RunTime:0.005990s ]
INFO: [ view_parse ] --END-- [ RunTime:0.006043s ]
INFO: [ view_filter ] --START--
INFO: Run Behavior\WriteHtmlCacheBehavior [ RunTime:0.000200s ]
INFO: [ view_filter ] --END-- [ RunTime:0.000240s ]
INFO: [ app_end ] --START--
INFO: Run Behavior\ShowPageTraceBehavior [ RunTime:0.000429s ]
INFO: [ app_end ] --END-- [ RunTime:0.000470s ]

[ 2016-08-15T18:08:56+08:00 ] 221.14.180.240 /index.php/Pangu/Index/skin/default/skin.css
INFO: [ app_init ] --START--
INFO: Run Behavior\BuildLiteBehavior [ RunTime:0.000013s ]
INFO: [ app_init ] --END-- [ RunTime:0.000281s ]
INFO: [ app_begin ] --START--
INFO: Run Behavior\ReadHtmlCacheBehavior [ RunTime:0.000369s ]
INFO: [ app_begin ] --END-- [ RunTime:0.000414s ]
NOTIC: [8192] mysql_connect(): The mysql extension is deprecated and will be removed in the future: use mysqli or PDO instead /alidata/www/xmzkjqx/ThinkPHP/Library/Think/Session/Driver/Db.class.php 第 95 行.
ERR: 非法操作:skin

[ 2016-08-15T18:08:58+08:00 ] 221.14.180.240 /index.php/Pangu/Index/kj_result.html
INFO: [ app_init ] --START--
INFO: Run Behavior\BuildLiteBehavior [ RunTime:0.000016s ]
INFO: [ app_init ] --END-- [ RunTime:0.000332s ]
INFO: [ app_begin ] --START--
INFO: Run Behavior\ReadHtmlCacheBehavior [ RunTime:0.000354s ]
INFO: [ app_begin ] --END-- [ RunTime:0.000399s ]
NOTIC: [8192] mysql_connect(): The mysql extension is deprecated and will be removed in the future: use mysqli or PDO instead /alidata/www/xmzkjqx/ThinkPHP/Library/Think/Session/Driver/Db.class.php 第 95 行.
SQL: SELECT a.*,b.nickname FROM pg_kanjia_record a,pg_wx_user b WHERE a.uid = b.uid  [ RunTime:0.0022s ]
INFO: [ view_parse ] --START--
INFO: [ template_filter ] --START--
INFO: Run Behavior\ContentReplaceBehavior [ RunTime:0.000073s ]
INFO: [ template_filter ] --END-- [ RunTime:0.000146s ]
NOTIC: [8] Undefined variable: type /alidata/www/xmzkjqx/Application/Runtime/Cache/Pangu/dad8132e1c6a142f7d618e1b8ecc74cf.php 第 38 行.
NOTIC: [8] Undefined variable: page /alidata/www/xmzkjqx/Application/Runtime/Cache/Pangu/dad8132e1c6a142f7d618e1b8ecc74cf.php 第 71 行.
INFO: Run Behavior\ParseTemplateBehavior [ RunTime:0.014674s ]
INFO: [ view_parse ] --END-- [ RunTime:0.014730s ]
INFO: [ view_filter ] --START--
INFO: Run Behavior\WriteHtmlCacheBehavior [ RunTime:0.000171s ]
INFO: [ view_filter ] --END-- [ RunTime:0.000214s ]
INFO: [ app_end ] --START--
INFO: Run Behavior\ShowPageTraceBehavior [ RunTime:0.000750s ]
INFO: [ app_end ] --END-- [ RunTime:0.000877s ]

[ 2016-08-15T18:08:59+08:00 ] 221.14.180.240 /index.php/Pangu/Index/skin/default/skin.css
INFO: [ app_init ] --START--
INFO: Run Behavior\BuildLiteBehavior [ RunTime:0.000035s ]
INFO: [ app_init ] --END-- [ RunTime:0.000320s ]
INFO: [ app_begin ] --START--
INFO: Run Behavior\ReadHtmlCacheBehavior [ RunTime:0.000349s ]
INFO: [ app_begin ] --END-- [ RunTime:0.000391s ]
NOTIC: [8192] mysql_connect(): The mysql extension is deprecated and will be removed in the future: use mysqli or PDO instead /alidata/www/xmzkjqx/ThinkPHP/Library/Think/Session/Driver/Db.class.php 第 95 行.
ERR: 非法操作:skin

